<?xml version="1.0" encoding="UTF-8"?>
<!-- Generated by org.testng.reporters.JUnitXMLReporter -->
<testsuite ignored="0" hostname="DESKTOP-GFKKN7N" failures="1" tests="37" name="Test_Suite_Motoserve_UAT" time="228.635" errors="0" timestamp="2024-08-22T17:45:49 ICT">
  <testcase classname="com.easyserv.testcases.Motoserve.EnquiriesTest" name="EnquiriesTest_TC001" time="3.747"/>
  <testcase classname="com.easyserv.testcases.Motoserve.EnquiriesTest" name="EnquiriesTest_TC002" time="4.584"/>
  <testcase classname="com.easyserv.testcases.Motoserve.EnquiriesTest" name="EnquiriesTest_TC003" time="2.291"/>
  <testcase classname="com.easyserv.testcases.Motoserve.EnquiriesTest" name="EnquiriesTest_TC004" time="2.215"/>
  <testcase classname="com.easyserv.testcases.Motoserve.EnquiriesTest" name="EnquiriesTest_TC005" time="4.478"/>
  <testcase classname="com.easyserv.testcases.Motoserve.EnquiriesTest" name="EnquiriesTest_TC006" time="5.569"/>
  <testcase classname="com.easyserv.testcases.Motoserve.EnquiriesTest" name="EnquiriesTest_TC007" time="6.956"/>
  <testcase classname="com.easyserv.testcases.Motoserve.EnquiriesTest" name="EnquiriesTest_TC007" time="7.17"/>
  <testcase classname="com.easyserv.testcases.Motoserve.EnquiriesTest" name="EnquiriesTest_TC007" time="16.239"/>
  <testcase classname="com.easyserv.testcases.Motoserve.EnquiriesTest" name="EnquiriesTest_TC007" time="7.897"/>
  <testcase classname="com.easyserv.testcases.Motoserve.EnquiriesTest" name="EnquiriesTest_TC007" time="7.065"/>
  <testcase classname="com.easyserv.testcases.Motoserve.EnquiriesTest" name="EnquiriesTest_TC008" time="5.13"/>
  <testcase classname="com.easyserv.testcases.Motoserve.EnquiriesTest" name="EnquiriesTest_TC009" time="5.308"/>
  <testcase classname="com.easyserv.testcases.Motoserve.EnquiriesTest" name="EnquiriesTest_TC010" time="5.22"/>
  <testcase classname="com.easyserv.testcases.Motoserve.EnquiriesTest" name="EnquiriesTest_TC011" time="5.361"/>
  <testcase classname="com.easyserv.testcases.Motoserve.EnquiriesTest" name="EnquiriesTest_TC012" time="5.196"/>
  <testcase classname="com.easyserv.testcases.Motoserve.EnquiriesTest" name="EnquiriesTest_TC013" time="3.123"/>
  <testcase classname="com.easyserv.testcases.Motoserve.EnquiriesTest" name="EnquiriesTest_TC014" time="1.721"/>
  <testcase classname="com.easyserv.testcases.Motoserve.EnquiriesTest" name="EnquiriesTest_TC015" time="2.193"/>
  <testcase classname="com.easyserv.testcases.Motoserve.EnquiriesTest" name="EnquiriesTest_TC016" time="2.039"/>
  <testcase classname="com.easyserv.testcases.Motoserve.EnquiriesTest" name="EnquiriesTest_TC017" time="1.588"/>
  <testcase classname="com.easyserv.testcases.Motoserve.EnquiriesTest" name="EnquiriesTest_TC017" time="1.854"/>
  <testcase classname="com.easyserv.testcases.Motoserve.EnquiriesTest" name="EnquiriesTest_TC017" time="1.344"/>
  <testcase classname="com.easyserv.testcases.Motoserve.EnquiriesTest" name="EnquiriesTest_TC017" time="1.87"/>
  <testcase classname="com.easyserv.testcases.Motoserve.EnquiriesTest" name="EnquiriesTest_TC017" time="1.753"/>
  <testcase classname="com.easyserv.testcases.Motoserve.EnquiriesTest" name="EnquiriesTest_TC017" time="1.267"/>
  <testcase classname="com.easyserv.testcases.Motoserve.EnquiriesTest" name="EnquiriesTest_TC017" time="1.819"/>
  <testcase classname="com.easyserv.testcases.Motoserve.EnquiriesTest" name="EnquiriesTest_TC017" time="1.782"/>
  <testcase classname="com.easyserv.testcases.Motoserve.EnquiriesTest" name="EnquiriesTest_TC017" time="1.286"/>
  <testcase classname="com.easyserv.testcases.Motoserve.EnquiriesTest" name="EnquiriesTest_TC017" time="1.736"/>
  <testcase classname="com.easyserv.testcases.Motoserve.EnquiriesTest" name="EnquiriesTest_TC018" time="2.191"/>
  <testcase classname="com.easyserv.testcases.Motoserve.EnquiriesTest" name="EnquiriesTest_TC018" time="1.239"/>
  <testcase classname="com.easyserv.testcases.Motoserve.EnquiriesTest" name="EnquiriesTest_TC018" time="1.562">
    <failure type="org.openqa.selenium.StaleElementReferenceException" message="stale element reference: stale element not found in the current frame
  (Session info: chrome=127.0.6533.120)
For documentation on this error, please visit: https://selenium.dev/exceptions/#stale_element_reference
Build info: version: &amp;apos;4.7.2&amp;apos;, revision: &amp;apos;4d4020c3b7&amp;apos;
System info: os.name: &amp;apos;Windows 11&amp;apos;, os.arch: &amp;apos;amd64&amp;apos;, os.version: &amp;apos;10.0&amp;apos;, java.version: &amp;apos;19&amp;apos;
Driver info: org.openqa.selenium.chrome.ChromeDriver
Command: [f135d2e3673349c4e651bd98fc4dc54d, sendKeysToElement {id=f.E9588A3EA30E6486DF31CA0A0D4C84DF.d.49EF9CD4552D9ABA39F70A8D7CE074D1.e.1244, value=[Ljava.lang.CharSequence;@38e88e13}]
Capabilities {acceptInsecureCerts: false, browserName: chrome, browserVersion: 127.0.6533.120, chrome: {chromedriverVersion: 127.0.6533.88 (a2d0cb026721..., userDataDir: C:\WINDOWS\SystemTemp\scope...}, fedcm:accounts: true, goog:chromeOptions: {debuggerAddress: localhost:52212}, networkConnectionEnabled: false, pageLoadStrategy: normal, platformName: WINDOWS, proxy: Proxy(), se:cdp: ws://localhost:52212/devtoo..., se:cdpVersion: 127.0.6533.120, setWindowRect: true, strictFileInteractability: false, timeouts: {implicit: 0, pageLoad: 300000, script: 30000}, unhandledPromptBehavior: dismiss and notify, webauthn:extension:credBlob: true, webauthn:extension:largeBlob: true, webauthn:extension:minPinLength: true, webauthn:extension:prf: true, webauthn:virtualAuthenticators: true}
Element: [[ChromeDriver: chrome on WINDOWS (f135d2e3673349c4e651bd98fc4dc54d)] -&amp;gt; xpath: //body/div[@id=&amp;apos;__next&amp;apos;]/section[1]/main[1]/div[1]/div[2]/div[1]/div[1]/div[2]/div[1]/form[1]/div[5]/div[1]/div[1]/div[1]/div[2]/div[1]/div[1]/span[1]/input[1]]
Session ID: f135d2e3673349c4e651bd98fc4dc54d">
      <![CDATA[org.openqa.selenium.StaleElementReferenceException: stale element reference: stale element not found in the current frame
  (Session info: chrome=127.0.6533.120)
For documentation on this error, please visit: https://selenium.dev/exceptions/#stale_element_reference
Build info: version: '4.7.2', revision: '4d4020c3b7'
System info: os.name: 'Windows 11', os.arch: 'amd64', os.version: '10.0', java.version: '19'
Driver info: org.openqa.selenium.chrome.ChromeDriver
Command: [f135d2e3673349c4e651bd98fc4dc54d, sendKeysToElement {id=f.E9588A3EA30E6486DF31CA0A0D4C84DF.d.49EF9CD4552D9ABA39F70A8D7CE074D1.e.1244, value=[Ljava.lang.CharSequence;@38e88e13}]
Capabilities {acceptInsecureCerts: false, browserName: chrome, browserVersion: 127.0.6533.120, chrome: {chromedriverVersion: 127.0.6533.88 (a2d0cb026721..., userDataDir: C:\WINDOWS\SystemTemp\scope...}, fedcm:accounts: true, goog:chromeOptions: {debuggerAddress: localhost:52212}, networkConnectionEnabled: false, pageLoadStrategy: normal, platformName: WINDOWS, proxy: Proxy(), se:cdp: ws://localhost:52212/devtoo..., se:cdpVersion: 127.0.6533.120, setWindowRect: true, strictFileInteractability: false, timeouts: {implicit: 0, pageLoad: 300000, script: 30000}, unhandledPromptBehavior: dismiss and notify, webauthn:extension:credBlob: true, webauthn:extension:largeBlob: true, webauthn:extension:minPinLength: true, webauthn:extension:prf: true, webauthn:virtualAuthenticators: true}
Element: [[ChromeDriver: chrome on WINDOWS (f135d2e3673349c4e651bd98fc4dc54d)] -> xpath: //body/div[@id='__next']/section[1]/main[1]/div[1]/div[2]/div[1]/div[1]/div[2]/div[1]/form[1]/div[5]/div[1]/div[1]/div[1]/div[2]/div[1]/div[1]/span[1]/input[1]]
Session ID: f135d2e3673349c4e651bd98fc4dc54d
at org.openqa.selenium.remote.codec.w3c.W3CHttpResponseCodec.createException(W3CHttpResponseCodec.java:200)
at org.openqa.selenium.remote.codec.w3c.W3CHttpResponseCodec.decode(W3CHttpResponseCodec.java:133)
at org.openqa.selenium.remote.codec.w3c.W3CHttpResponseCodec.decode(W3CHttpResponseCodec.java:53)
at org.openqa.selenium.remote.HttpCommandExecutor.execute(HttpCommandExecutor.java:184)
at org.openqa.selenium.remote.service.DriverCommandExecutor.invokeExecute(DriverCommandExecutor.java:167)
at org.openqa.selenium.remote.service.DriverCommandExecutor.execute(DriverCommandExecutor.java:142)
at org.openqa.selenium.remote.RemoteWebDriver.execute(RemoteWebDriver.java:535)
at org.openqa.selenium.remote.RemoteWebElement.execute(RemoteWebElement.java:257)
at org.openqa.selenium.remote.RemoteWebElement.sendKeys(RemoteWebElement.java:113)
at com.easyserv.common.ValidateHelper.setText(ValidateHelper.java:35)
at com.easyserv.pages.Motoserve_BookingApp_UAT.EnquiriesPages.Enquiries_TC018(EnquiriesPages.java:216)
at com.easyserv.testcases.Motoserve.EnquiriesTest.EnquiriesTest_TC018(EnquiriesTest.java:131)
at java.base/java.util.ArrayList.forEach(ArrayList.java:1511)
... Removed 32 stack frames]]>
    </failure>
  </testcase> <!-- EnquiriesTest_TC018 -->
  <testcase classname="com.easyserv.testcases.Motoserve.EnquiriesTest" name="EnquiriesTest_TC018" time="2.415"/>
  <testcase classname="com.easyserv.testcases.Motoserve.EnquiriesTest" name="EnquiriesTest_TC018" time="1.719"/>
  <testcase classname="com.easyserv.testcases.Motoserve.EnquiriesTest" name="EnquiriesTest_TC018" time="1.719"/>
  <testcase classname="com.easyserv.testcases.Motoserve.EnquiriesTest" name="EnquiriesTest_TC019" time="2.0"/>
</testsuite> <!-- Test_Suite_Motoserve_UAT -->
