<?xml version="1.0" encoding="UTF-8"?>
<!-- Generated by org.testng.reporters.JUnitXMLReporter -->
<testsuite ignored="2" hostname="DESKTOP-GFKKN7N" failures="9" tests="9" name="Test_Case_LoginPage" time="85.038" errors="0" timestamp="2024-08-22T11:19:06 ICT">
  <testcase classname="com.easyserv.testcases.Admin.UserAccessTest" name="LoginTest_TC001" time="0.049">
    <failure type="java.lang.AssertionError" message="The URL page incorrect expected [true] but found [false]">
      <![CDATA[java.lang.AssertionError: The URL page incorrect expected [true] but found [false]
at com.easyserv.testcases.Admin.UserAccessTest.LoginTest_TC001(UserAccessTest.java:31)
at java.base/java.util.ArrayList.forEach(ArrayList.java:1511)
... Removed 32 stack frames]]>
    </failure>
  </testcase> <!-- LoginTest_TC001 -->
  <testcase classname="com.easyserv.testcases.Admin.UserAccessTest" name="LoginTest_TC002" time="21.164">
    <failure type="org.openqa.selenium.TimeoutException" message="Expected condition failed: waiting for element to be clickable: By.xpath: //span[contains(text(),&amp;apos;Sign In&amp;apos;)] (tried for 15 second(s) with 500 milliseconds interval)
Build info: version: &amp;apos;4.7.2&amp;apos;, revision: &amp;apos;4d4020c3b7&amp;apos;
System info: os.name: &amp;apos;Windows 11&amp;apos;, os.arch: &amp;apos;amd64&amp;apos;, os.version: &amp;apos;10.0&amp;apos;, java.version: &amp;apos;19&amp;apos;
Driver info: org.openqa.selenium.chrome.ChromeDriver
Capabilities {acceptInsecureCerts: false, browserName: chrome, browserVersion: 127.0.6533.120, chrome: {chromedriverVersion: 127.0.6533.88 (a2d0cb026721..., userDataDir: C:\WINDOWS\SystemTemp\scope...}, fedcm:accounts: true, goog:chromeOptions: {debuggerAddress: localhost:54108}, networkConnectionEnabled: false, pageLoadStrategy: normal, platformName: WINDOWS, proxy: Proxy(), se:cdp: ws://localhost:54108/devtoo..., se:cdpVersion: 127.0.6533.120, setWindowRect: true, strictFileInteractability: false, timeouts: {implicit: 0, pageLoad: 300000, script: 30000}, unhandledPromptBehavior: dismiss and notify, webauthn:extension:credBlob: true, webauthn:extension:largeBlob: true, webauthn:extension:minPinLength: true, webauthn:extension:prf: true, webauthn:virtualAuthenticators: true}
Session ID: 854c220ed9b96b54bdba84cb9c4a6123">
      <![CDATA[org.openqa.selenium.TimeoutException: Expected condition failed: waiting for element to be clickable: By.xpath: //span[contains(text(),'Sign In')] (tried for 15 second(s) with 500 milliseconds interval)
Build info: version: '4.7.2', revision: '4d4020c3b7'
System info: os.name: 'Windows 11', os.arch: 'amd64', os.version: '10.0', java.version: '19'
Driver info: org.openqa.selenium.chrome.ChromeDriver
Capabilities {acceptInsecureCerts: false, browserName: chrome, browserVersion: 127.0.6533.120, chrome: {chromedriverVersion: 127.0.6533.88 (a2d0cb026721..., userDataDir: C:\WINDOWS\SystemTemp\scope...}, fedcm:accounts: true, goog:chromeOptions: {debuggerAddress: localhost:54108}, networkConnectionEnabled: false, pageLoadStrategy: normal, platformName: WINDOWS, proxy: Proxy(), se:cdp: ws://localhost:54108/devtoo..., se:cdpVersion: 127.0.6533.120, setWindowRect: true, strictFileInteractability: false, timeouts: {implicit: 0, pageLoad: 300000, script: 30000}, unhandledPromptBehavior: dismiss and notify, webauthn:extension:credBlob: true, webauthn:extension:largeBlob: true, webauthn:extension:minPinLength: true, webauthn:extension:prf: true, webauthn:virtualAuthenticators: true}
Session ID: 854c220ed9b96b54bdba84cb9c4a6123
at org.openqa.selenium.support.ui.WebDriverWait.timeoutException(WebDriverWait.java:87)
at org.openqa.selenium.support.ui.FluentWait.until(FluentWait.java:231)
at com.easyserv.common.ValidateHelper.clickElement(ValidateHelper.java:42)
at com.easyserv.pages.AdminPortalPages.UserAccess.LoginEasyPage.LoginPage_TC002(LoginEasyPage.java:46)
at com.easyserv.testcases.Admin.UserAccessTest.LoginTest_TC002(UserAccessTest.java:46)
at java.base/java.util.ArrayList.forEach(ArrayList.java:1511)
... Removed 29 stack frames]]>
    </failure>
  </testcase> <!-- LoginTest_TC002 -->
  <testcase classname="com.easyserv.testcases.Admin.UserAccessTest" name="LoginTest_TC003" time="21.074">
    <failure type="org.openqa.selenium.TimeoutException" message="Expected condition failed: waiting for element to be clickable: By.xpath: //input[@id=&amp;apos;password&amp;apos;] (tried for 15 second(s) with 500 milliseconds interval)
Build info: version: &amp;apos;4.7.2&amp;apos;, revision: &amp;apos;4d4020c3b7&amp;apos;
System info: os.name: &amp;apos;Windows 11&amp;apos;, os.arch: &amp;apos;amd64&amp;apos;, os.version: &amp;apos;10.0&amp;apos;, java.version: &amp;apos;19&amp;apos;
Driver info: org.openqa.selenium.chrome.ChromeDriver
Capabilities {acceptInsecureCerts: false, browserName: chrome, browserVersion: 127.0.6533.120, chrome: {chromedriverVersion: 127.0.6533.88 (a2d0cb026721..., userDataDir: C:\WINDOWS\SystemTemp\scope...}, fedcm:accounts: true, goog:chromeOptions: {debuggerAddress: localhost:54108}, networkConnectionEnabled: false, pageLoadStrategy: normal, platformName: WINDOWS, proxy: Proxy(), se:cdp: ws://localhost:54108/devtoo..., se:cdpVersion: 127.0.6533.120, setWindowRect: true, strictFileInteractability: false, timeouts: {implicit: 0, pageLoad: 300000, script: 30000}, unhandledPromptBehavior: dismiss and notify, webauthn:extension:credBlob: true, webauthn:extension:largeBlob: true, webauthn:extension:minPinLength: true, webauthn:extension:prf: true, webauthn:virtualAuthenticators: true}
Session ID: 854c220ed9b96b54bdba84cb9c4a6123">
      <![CDATA[org.openqa.selenium.TimeoutException: Expected condition failed: waiting for element to be clickable: By.xpath: //input[@id='password'] (tried for 15 second(s) with 500 milliseconds interval)
Build info: version: '4.7.2', revision: '4d4020c3b7'
System info: os.name: 'Windows 11', os.arch: 'amd64', os.version: '10.0', java.version: '19'
Driver info: org.openqa.selenium.chrome.ChromeDriver
Capabilities {acceptInsecureCerts: false, browserName: chrome, browserVersion: 127.0.6533.120, chrome: {chromedriverVersion: 127.0.6533.88 (a2d0cb026721..., userDataDir: C:\WINDOWS\SystemTemp\scope...}, fedcm:accounts: true, goog:chromeOptions: {debuggerAddress: localhost:54108}, networkConnectionEnabled: false, pageLoadStrategy: normal, platformName: WINDOWS, proxy: Proxy(), se:cdp: ws://localhost:54108/devtoo..., se:cdpVersion: 127.0.6533.120, setWindowRect: true, strictFileInteractability: false, timeouts: {implicit: 0, pageLoad: 300000, script: 30000}, unhandledPromptBehavior: dismiss and notify, webauthn:extension:credBlob: true, webauthn:extension:largeBlob: true, webauthn:extension:minPinLength: true, webauthn:extension:prf: true, webauthn:virtualAuthenticators: true}
Session ID: 854c220ed9b96b54bdba84cb9c4a6123
at org.openqa.selenium.support.ui.WebDriverWait.timeoutException(WebDriverWait.java:87)
at org.openqa.selenium.support.ui.FluentWait.until(FluentWait.java:231)
at com.easyserv.common.ValidateHelper.setText(ValidateHelper.java:33)
at com.easyserv.pages.AdminPortalPages.UserAccess.LoginEasyPage.LoginPage_TC003(LoginEasyPage.java:52)
at com.easyserv.testcases.Admin.UserAccessTest.LoginTest_TC003(UserAccessTest.java:53)
at java.base/java.util.ArrayList.forEach(ArrayList.java:1511)
... Removed 29 stack frames]]>
    </failure>
  </testcase> <!-- LoginTest_TC003 -->
  <testcase classname="com.easyserv.testcases.Admin.UserAccessTest" name="LoginTest_TC004" time="21.201">
    <failure type="org.openqa.selenium.TimeoutException" message="Expected condition failed: waiting for element to be clickable: By.xpath: //span[@aria-label=&amp;apos;eye-invisible&amp;apos;]//*[name()=&amp;apos;svg&amp;apos;] (tried for 15 second(s) with 500 milliseconds interval)
Build info: version: &amp;apos;4.7.2&amp;apos;, revision: &amp;apos;4d4020c3b7&amp;apos;
System info: os.name: &amp;apos;Windows 11&amp;apos;, os.arch: &amp;apos;amd64&amp;apos;, os.version: &amp;apos;10.0&amp;apos;, java.version: &amp;apos;19&amp;apos;
Driver info: org.openqa.selenium.chrome.ChromeDriver
Capabilities {acceptInsecureCerts: false, browserName: chrome, browserVersion: 127.0.6533.120, chrome: {chromedriverVersion: 127.0.6533.88 (a2d0cb026721..., userDataDir: C:\WINDOWS\SystemTemp\scope...}, fedcm:accounts: true, goog:chromeOptions: {debuggerAddress: localhost:54108}, networkConnectionEnabled: false, pageLoadStrategy: normal, platformName: WINDOWS, proxy: Proxy(), se:cdp: ws://localhost:54108/devtoo..., se:cdpVersion: 127.0.6533.120, setWindowRect: true, strictFileInteractability: false, timeouts: {implicit: 0, pageLoad: 300000, script: 30000}, unhandledPromptBehavior: dismiss and notify, webauthn:extension:credBlob: true, webauthn:extension:largeBlob: true, webauthn:extension:minPinLength: true, webauthn:extension:prf: true, webauthn:virtualAuthenticators: true}
Session ID: 854c220ed9b96b54bdba84cb9c4a6123">
      <![CDATA[org.openqa.selenium.TimeoutException: Expected condition failed: waiting for element to be clickable: By.xpath: //span[@aria-label='eye-invisible']//*[name()='svg'] (tried for 15 second(s) with 500 milliseconds interval)
Build info: version: '4.7.2', revision: '4d4020c3b7'
System info: os.name: 'Windows 11', os.arch: 'amd64', os.version: '10.0', java.version: '19'
Driver info: org.openqa.selenium.chrome.ChromeDriver
Capabilities {acceptInsecureCerts: false, browserName: chrome, browserVersion: 127.0.6533.120, chrome: {chromedriverVersion: 127.0.6533.88 (a2d0cb026721..., userDataDir: C:\WINDOWS\SystemTemp\scope...}, fedcm:accounts: true, goog:chromeOptions: {debuggerAddress: localhost:54108}, networkConnectionEnabled: false, pageLoadStrategy: normal, platformName: WINDOWS, proxy: Proxy(), se:cdp: ws://localhost:54108/devtoo..., se:cdpVersion: 127.0.6533.120, setWindowRect: true, strictFileInteractability: false, timeouts: {implicit: 0, pageLoad: 300000, script: 30000}, unhandledPromptBehavior: dismiss and notify, webauthn:extension:credBlob: true, webauthn:extension:largeBlob: true, webauthn:extension:minPinLength: true, webauthn:extension:prf: true, webauthn:virtualAuthenticators: true}
Session ID: 854c220ed9b96b54bdba84cb9c4a6123
at org.openqa.selenium.support.ui.WebDriverWait.timeoutException(WebDriverWait.java:87)
at org.openqa.selenium.support.ui.FluentWait.until(FluentWait.java:231)
at com.easyserv.common.ValidateHelper.clickElement(ValidateHelper.java:42)
at com.easyserv.pages.AdminPortalPages.UserAccess.LoginEasyPage.LoginPage_TC004(LoginEasyPage.java:57)
at com.easyserv.testcases.Admin.UserAccessTest.LoginTest_TC004(UserAccessTest.java:60)
at java.base/java.util.ArrayList.forEach(ArrayList.java:1511)
... Removed 29 stack frames]]>
    </failure>
  </testcase> <!-- LoginTest_TC004 -->
  <testcase classname="com.easyserv.testcases.Admin.UserAccessTest" name="LoginTest_TC005" time="1.236">
    <failure type="java.lang.NullPointerException" message="Cannot invoke &amp;quot;com.aventstack.extentreports.ExtentTest.log(com.aventstack.extentreports.Status, String)&amp;quot; because the return value of &amp;quot;com.easyserv.extentreports.ExtentTestManager.getTest()&amp;quot; is null">
      <![CDATA[java.lang.NullPointerException: Cannot invoke "com.aventstack.extentreports.ExtentTest.log(com.aventstack.extentreports.Status, String)" because the return value of "com.easyserv.extentreports.ExtentTestManager.getTest()" is null
at com.easyserv.extentreports.ExtentTestManager.logMessage(ExtentTestManager.java:56)
at com.easyserv.common.ValidateHelper.setText(ValidateHelper.java:36)
at com.easyserv.pages.AdminPortalPages.UserAccess.LoginEasyPage.LoginPage_TC005(LoginEasyPage.java:63)
at com.easyserv.testcases.Admin.UserAccessTest.LoginTest_TC005(UserAccessTest.java:67)
at java.base/java.util.ArrayList.forEach(ArrayList.java:1511)
... Removed 29 stack frames]]>
    </failure>
  </testcase> <!-- LoginTest_TC005 -->
  <testcase classname="com.easyserv.testcases.Admin.UserAccessTest" name="LoginTest_TC006" time="0.826">
    <failure type="java.lang.NullPointerException" message="Cannot invoke &amp;quot;com.aventstack.extentreports.ExtentTest.log(com.aventstack.extentreports.Status, String)&amp;quot; because the return value of &amp;quot;com.easyserv.extentreports.ExtentTestManager.getTest()&amp;quot; is null">
      <![CDATA[java.lang.NullPointerException: Cannot invoke "com.aventstack.extentreports.ExtentTest.log(com.aventstack.extentreports.Status, String)" because the return value of "com.easyserv.extentreports.ExtentTestManager.getTest()" is null
at com.easyserv.extentreports.ExtentTestManager.logMessage(ExtentTestManager.java:56)
at com.easyserv.common.ValidateHelper.setText(ValidateHelper.java:36)
at com.easyserv.pages.AdminPortalPages.UserAccess.LoginEasyPage.LoginPage_TC006(LoginEasyPage.java:70)
at com.easyserv.testcases.Admin.UserAccessTest.LoginTest_TC006(UserAccessTest.java:78)
at java.base/java.util.ArrayList.forEach(ArrayList.java:1511)
... Removed 29 stack frames]]>
    </failure>
  </testcase> <!-- LoginTest_TC006 -->
  <testcase classname="com.easyserv.testcases.Admin.UserAccessTest" name="LoginTest_TC007" time="0.649">
    <failure type="java.lang.NullPointerException" message="Cannot invoke &amp;quot;com.aventstack.extentreports.ExtentTest.log(com.aventstack.extentreports.Status, String)&amp;quot; because the return value of &amp;quot;com.easyserv.extentreports.ExtentTestManager.getTest()&amp;quot; is null">
      <![CDATA[java.lang.NullPointerException: Cannot invoke "com.aventstack.extentreports.ExtentTest.log(com.aventstack.extentreports.Status, String)" because the return value of "com.easyserv.extentreports.ExtentTestManager.getTest()" is null
at com.easyserv.extentreports.ExtentTestManager.logMessage(ExtentTestManager.java:56)
at com.easyserv.common.ValidateHelper.setText(ValidateHelper.java:36)
at com.easyserv.pages.AdminPortalPages.UserAccess.LoginEasyPage.LoginPage_TC007(LoginEasyPage.java:77)
at com.easyserv.testcases.Admin.UserAccessTest.LoginTest_TC007(UserAccessTest.java:86)
at java.base/java.util.ArrayList.forEach(ArrayList.java:1511)
... Removed 29 stack frames]]>
    </failure>
  </testcase> <!-- LoginTest_TC007 -->
  <testcase classname="com.easyserv.testcases.Admin.UserAccessTest" name="LoginTest_TC008" time="0.94">
    <failure type="java.lang.NullPointerException" message="Cannot invoke &amp;quot;com.aventstack.extentreports.ExtentTest.log(com.aventstack.extentreports.Status, String)&amp;quot; because the return value of &amp;quot;com.easyserv.extentreports.ExtentTestManager.getTest()&amp;quot; is null">
      <![CDATA[java.lang.NullPointerException: Cannot invoke "com.aventstack.extentreports.ExtentTest.log(com.aventstack.extentreports.Status, String)" because the return value of "com.easyserv.extentreports.ExtentTestManager.getTest()" is null
at com.easyserv.extentreports.ExtentTestManager.logMessage(ExtentTestManager.java:56)
at com.easyserv.common.ValidateHelper.setText(ValidateHelper.java:36)
at com.easyserv.pages.AdminPortalPages.UserAccess.LoginEasyPage.LoginPage_TC008(LoginEasyPage.java:84)
at com.easyserv.testcases.Admin.UserAccessTest.LoginTest_TC008(UserAccessTest.java:93)
at java.base/java.util.ArrayList.forEach(ArrayList.java:1511)
... Removed 29 stack frames]]>
    </failure>
  </testcase> <!-- LoginTest_TC008 -->
  <testcase classname="com.easyserv.testcases.Admin.UserAccessTest" name="LoginTest_TC009" time="3.331">
    <failure type="java.lang.NullPointerException" message="Cannot invoke &amp;quot;com.aventstack.extentreports.ExtentTest.log(com.aventstack.extentreports.Status, String)&amp;quot; because the return value of &amp;quot;com.easyserv.extentreports.ExtentTestManager.getTest()&amp;quot; is null">
      <![CDATA[java.lang.NullPointerException: Cannot invoke "com.aventstack.extentreports.ExtentTest.log(com.aventstack.extentreports.Status, String)" because the return value of "com.easyserv.extentreports.ExtentTestManager.getTest()" is null
at com.easyserv.extentreports.ExtentTestManager.logMessage(ExtentTestManager.java:56)
at com.easyserv.common.ValidateHelper.setText(ValidateHelper.java:36)
at com.easyserv.pages.AdminPortalPages.UserAccess.LoginEasyPage.LoginPage_TC009(LoginEasyPage.java:91)
at com.easyserv.testcases.Admin.UserAccessTest.LoginTest_TC009(UserAccessTest.java:109)
at java.base/java.util.ArrayList.forEach(ArrayList.java:1511)
... Removed 29 stack frames]]>
    </failure>
  </testcase> <!-- LoginTest_TC009 -->
  <testcase classname="com.easyserv.testcases.Admin.UserAccessTest" name="LoginTest_TC010" time="0.0">
    <ignored/>
  </testcase> <!-- LoginTest_TC010 -->
  <testcase classname="com.easyserv.testcases.Admin.UserAccessTest" name="LoginTest_TC011" time="0.0">
    <ignored/>
  </testcase> <!-- LoginTest_TC011 -->
</testsuite> <!-- Test_Case_LoginPage -->
