<?xml version="1.0" encoding="UTF-8"?>
<testsuite xmlns:xsi="http://www.w3.org/2001/XMLSchema-instance" xsi:noNamespaceSchemaLocation="https://maven.apache.org/surefire/maven-surefire-plugin/xsd/surefire-test-report.xsd" version="3.0.2" name="TestSuite" time="231.39" tests="37" errors="0" skipped="0" failures="1">
  <properties>
    <property name="java.specification.version" value="19"/>
    <property name="webdriver.chrome.driver" value="resources\drivers\chromedriver.exe"/>
    <property name="sun.cpu.isalist" value="amd64"/>
    <property name="sun.jnu.encoding" value="Cp1252"/>
    <property name="java.class.path" value="C:\SiliconStackProject\easyservautomation\easyserveautomation\target\test-classes;C:\SiliconStackProject\easyservautomation\easyserveautomation\target\classes;C:\WINDOWS\system32\config\systemprofile\.m2\repository\org\seleniumhq\selenium\selenium-java\4.7.2\selenium-java-4.7.2.jar;C:\WINDOWS\system32\config\systemprofile\.m2\repository\org\seleniumhq\selenium\selenium-api\4.7.2\selenium-api-4.7.2.jar;C:\WINDOWS\system32\config\systemprofile\.m2\repository\org\seleniumhq\selenium\selenium-chrome-driver\4.7.2\selenium-chrome-driver-4.7.2.jar;C:\WINDOWS\system32\config\systemprofile\.m2\repository\com\google\auto\service\auto-service-annotations\1.0.1\auto-service-annotations-1.0.1.jar;C:\WINDOWS\system32\config\systemprofile\.m2\repository\com\google\auto\service\auto-service\1.0.1\auto-service-1.0.1.jar;C:\WINDOWS\system32\config\systemprofile\.m2\repository\com\google\auto\auto-common\1.2\auto-common-1.2.jar;C:\WINDOWS\system32\config\systemprofile\.m2\repository\com\google\guava\guava\31.1-jre\guava-31.1-jre.jar;C:\WINDOWS\system32\config\systemprofile\.m2\repository\com\google\guava\failureaccess\1.0.1\failureaccess-1.0.1.jar;C:\WINDOWS\system32\config\systemprofile\.m2\repository\com\google\guava\listenablefuture\9999.0-empty-to-avoid-conflict-with-guava\listenablefuture-9999.0-empty-to-avoid-conflict-with-guava.jar;C:\WINDOWS\system32\config\systemprofile\.m2\repository\com\google\code\findbugs\jsr305\3.0.2\jsr305-3.0.2.jar;C:\WINDOWS\system32\config\systemprofile\.m2\repository\org\checkerframework\checker-qual\3.12.0\checker-qual-3.12.0.jar;C:\WINDOWS\system32\config\systemprofile\.m2\repository\com\google\errorprone\error_prone_annotations\2.11.0\error_prone_annotations-2.11.0.jar;C:\WINDOWS\system32\config\systemprofile\.m2\repository\com\google\j2objc\j2objc-annotations\1.3\j2objc-annotations-1.3.jar;C:\WINDOWS\system32\config\systemprofile\.m2\repository\org\seleniumhq\selenium\selenium-chromium-driver\4.7.2\selenium-chromium-driver-4.7.2.jar;C:\WINDOWS\system32\config\systemprofile\.m2\repository\org\seleniumhq\selenium\selenium-json\4.7.2\selenium-json-4.7.2.jar;C:\WINDOWS\system32\config\systemprofile\.m2\repository\org\seleniumhq\selenium\selenium-devtools-v106\4.7.2\selenium-devtools-v106-4.7.2.jar;C:\WINDOWS\system32\config\systemprofile\.m2\repository\org\seleniumhq\selenium\selenium-devtools-v107\4.7.2\selenium-devtools-v107-4.7.2.jar;C:\WINDOWS\system32\config\systemprofile\.m2\repository\org\seleniumhq\selenium\selenium-devtools-v108\4.7.2\selenium-devtools-v108-4.7.2.jar;C:\WINDOWS\system32\config\systemprofile\.m2\repository\org\seleniumhq\selenium\selenium-devtools-v85\4.7.2\selenium-devtools-v85-4.7.2.jar;C:\WINDOWS\system32\config\systemprofile\.m2\repository\org\seleniumhq\selenium\selenium-edge-driver\4.7.2\selenium-edge-driver-4.7.2.jar;C:\WINDOWS\system32\config\systemprofile\.m2\repository\org\seleniumhq\selenium\selenium-firefox-driver\4.7.2\selenium-firefox-driver-4.7.2.jar;C:\WINDOWS\system32\config\systemprofile\.m2\repository\org\seleniumhq\selenium\selenium-http\4.7.2\selenium-http-4.7.2.jar;C:\WINDOWS\system32\config\systemprofile\.m2\repository\dev\failsafe\failsafe\3.3.0\failsafe-3.3.0.jar;C:\WINDOWS\system32\config\systemprofile\.m2\repository\org\seleniumhq\selenium\selenium-ie-driver\4.7.2\selenium-ie-driver-4.7.2.jar;C:\WINDOWS\system32\config\systemprofile\.m2\repository\org\seleniumhq\selenium\selenium-remote-driver\4.7.2\selenium-remote-driver-4.7.2.jar;C:\WINDOWS\system32\config\systemprofile\.m2\repository\io\netty\netty-buffer\4.1.84.Final\netty-buffer-4.1.84.Final.jar;C:\WINDOWS\system32\config\systemprofile\.m2\repository\io\netty\netty-codec-http\4.1.84.Final\netty-codec-http-4.1.84.Final.jar;C:\WINDOWS\system32\config\systemprofile\.m2\repository\io\netty\netty-codec\4.1.84.Final\netty-codec-4.1.84.Final.jar;C:\WINDOWS\system32\config\systemprofile\.m2\repository\io\netty\netty-handler\4.1.84.Final\netty-handler-4.1.84.Final.jar;C:\WINDOWS\system32\config\systemprofile\.m2\repository\io\netty\netty-common\4.1.84.Final\netty-common-4.1.84.Final.jar;C:\WINDOWS\system32\config\systemprofile\.m2\repository\io\netty\netty-transport-classes-epoll\4.1.84.Final\netty-transport-classes-epoll-4.1.84.Final.jar;C:\WINDOWS\system32\config\systemprofile\.m2\repository\io\netty\netty-transport-classes-kqueue\4.1.84.Final\netty-transport-classes-kqueue-4.1.84.Final.jar;C:\WINDOWS\system32\config\systemprofile\.m2\repository\io\netty\netty-transport-native-epoll\4.1.84.Final\netty-transport-native-epoll-4.1.84.Final.jar;C:\WINDOWS\system32\config\systemprofile\.m2\repository\io\netty\netty-transport-native-kqueue\4.1.84.Final\netty-transport-native-kqueue-4.1.84.Final.jar;C:\WINDOWS\system32\config\systemprofile\.m2\repository\io\netty\netty-transport-native-unix-common\4.1.84.Final\netty-transport-native-unix-common-4.1.84.Final.jar;C:\WINDOWS\system32\config\systemprofile\.m2\repository\io\netty\netty-transport\4.1.84.Final\netty-transport-4.1.84.Final.jar;C:\WINDOWS\system32\config\systemprofile\.m2\repository\io\netty\netty-resolver\4.1.84.Final\netty-resolver-4.1.84.Final.jar;C:\WINDOWS\system32\config\systemprofile\.m2\repository\io\opentelemetry\opentelemetry-api\1.19.0\opentelemetry-api-1.19.0.jar;C:\WINDOWS\system32\config\systemprofile\.m2\repository\io\opentelemetry\opentelemetry-context\1.19.0\opentelemetry-context-1.19.0.jar;C:\WINDOWS\system32\config\systemprofile\.m2\repository\io\opentelemetry\opentelemetry-exporter-logging\1.19.0\opentelemetry-exporter-logging-1.19.0.jar;C:\WINDOWS\system32\config\systemprofile\.m2\repository\io\opentelemetry\opentelemetry-sdk-metrics\1.19.0\opentelemetry-sdk-metrics-1.19.0.jar;C:\WINDOWS\system32\config\systemprofile\.m2\repository\io\opentelemetry\opentelemetry-sdk-logs\1.19.0-alpha\opentelemetry-sdk-logs-1.19.0-alpha.jar;C:\WINDOWS\system32\config\systemprofile\.m2\repository\io\opentelemetry\opentelemetry-api-logs\1.19.0-alpha\opentelemetry-api-logs-1.19.0-alpha.jar;C:\WINDOWS\system32\config\systemprofile\.m2\repository\io\opentelemetry\opentelemetry-sdk-common\1.19.0\opentelemetry-sdk-common-1.19.0.jar;C:\WINDOWS\system32\config\systemprofile\.m2\repository\io\opentelemetry\opentelemetry-sdk-extension-autoconfigure-spi\1.19.0\opentelemetry-sdk-extension-autoconfigure-spi-1.19.0.jar;C:\WINDOWS\system32\config\systemprofile\.m2\repository\io\opentelemetry\opentelemetry-sdk-extension-autoconfigure\1.19.0-alpha\opentelemetry-sdk-extension-autoconfigure-1.19.0-alpha.jar;C:\WINDOWS\system32\config\systemprofile\.m2\repository\io\opentelemetry\opentelemetry-exporter-common\1.19.0\opentelemetry-exporter-common-1.19.0.jar;C:\WINDOWS\system32\config\systemprofile\.m2\repository\io\opentelemetry\opentelemetry-sdk-trace\1.19.0\opentelemetry-sdk-trace-1.19.0.jar;C:\WINDOWS\system32\config\systemprofile\.m2\repository\io\opentelemetry\opentelemetry-sdk\1.19.0\opentelemetry-sdk-1.19.0.jar;C:\WINDOWS\system32\config\systemprofile\.m2\repository\io\opentelemetry\opentelemetry-semconv\1.19.0-alpha\opentelemetry-semconv-1.19.0-alpha.jar;C:\WINDOWS\system32\config\systemprofile\.m2\repository\io\ous\jtoml\2.0.0\jtoml-2.0.0.jar;C:\WINDOWS\system32\config\systemprofile\.m2\repository\net\bytebuddy\byte-buddy\1.12.18\byte-buddy-1.12.18.jar;C:\WINDOWS\system32\config\systemprofile\.m2\repository\org\apache\commons\commons-exec\1.3\commons-exec-1.3.jar;C:\WINDOWS\system32\config\systemprofile\.m2\repository\org\asynchttpclient\async-http-client\2.12.3\async-http-client-2.12.3.jar;C:\WINDOWS\system32\config\systemprofile\.m2\repository\org\asynchttpclient\async-http-client-netty-utils\2.12.3\async-http-client-netty-utils-2.12.3.jar;C:\WINDOWS\system32\config\systemprofile\.m2\repository\io\netty\netty-codec-socks\4.1.60.Final\netty-codec-socks-4.1.60.Final.jar;C:\WINDOWS\system32\config\systemprofile\.m2\repository\io\netty\netty-handler-proxy\4.1.60.Final\netty-handler-proxy-4.1.60.Final.jar;C:\WINDOWS\system32\config\systemprofile\.m2\repository\io\netty\netty-transport-native-epoll\4.1.60.Final\netty-transport-native-epoll-4.1.60.Final-linux-x86_64.jar;C:\WINDOWS\system32\config\systemprofile\.m2\repository\io\netty\netty-transport-native-kqueue\4.1.60.Final\netty-transport-native-kqueue-4.1.60.Final-osx-x86_64.jar;C:\WINDOWS\system32\config\systemprofile\.m2\repository\com\typesafe\netty\netty-reactive-streams\2.0.4\netty-reactive-streams-2.0.4.jar;C:\WINDOWS\system32\config\systemprofile\.m2\repository\com\sun\activation\jakarta.activation\1.2.2\jakarta.activation-1.2.2.jar;C:\WINDOWS\system32\config\systemprofile\.m2\repository\org\seleniumhq\selenium\selenium-manager\4.7.2\selenium-manager-4.7.2.jar;C:\WINDOWS\system32\config\systemprofile\.m2\repository\org\seleniumhq\selenium\selenium-safari-driver\4.7.2\selenium-safari-driver-4.7.2.jar;C:\WINDOWS\system32\config\systemprofile\.m2\repository\org\seleniumhq\selenium\selenium-support\4.7.2\selenium-support-4.7.2.jar;C:\WINDOWS\system32\config\systemprofile\.m2\repository\org\slf4j\slf4j-simple\2.0.6\slf4j-simple-2.0.6.jar;C:\WINDOWS\system32\config\systemprofile\.m2\repository\org\slf4j\slf4j-api\2.0.6\slf4j-api-2.0.6.jar;C:\WINDOWS\system32\config\systemprofile\.m2\repository\org\testng\testng\7.4.0\testng-7.4.0.jar;C:\WINDOWS\system32\config\systemprofile\.m2\repository\org\webjars\jquery\3.5.1\jquery-3.5.1.jar;C:\WINDOWS\system32\config\systemprofile\.m2\repository\io\github\bonigarcia\webdrivermanager\5.3.1\webdrivermanager-5.3.1.jar;C:\WINDOWS\system32\config\systemprofile\.m2\repository\com\google\code\gson\gson\2.10\gson-2.10.jar;C:\WINDOWS\system32\config\systemprofile\.m2\repository\com\github\docker-java\docker-java\3.2.13\docker-java-3.2.13.jar;C:\WINDOWS\system32\config\systemprofile\.m2\repository\com\github\docker-java\docker-java-core\3.2.13\docker-java-core-3.2.13.jar;C:\WINDOWS\system32\config\systemprofile\.m2\repository\com\github\docker-java\docker-java-api\3.2.13\docker-java-api-3.2.13.jar;C:\WINDOWS\system32\config\systemprofile\.m2\repository\com\fasterxml\jackson\core\jackson-annotations\2.10.3\jackson-annotations-2.10.3.jar;C:\WINDOWS\system32\config\systemprofile\.m2\repository\com\fasterxml\jackson\core\jackson-databind\2.10.3\jackson-databind-2.10.3.jar;C:\WINDOWS\system32\config\systemprofile\.m2\repository\com\fasterxml\jackson\core\jackson-core\2.10.3\jackson-core-2.10.3.jar;C:\WINDOWS\system32\config\systemprofile\.m2\repository\org\bouncycastle\bcpkix-jdk15on\1.64\bcpkix-jdk15on-1.64.jar;C:\WINDOWS\system32\config\systemprofile\.m2\repository\org\bouncycastle\bcprov-jdk15on\1.64\bcprov-jdk15on-1.64.jar;C:\WINDOWS\system32\config\systemprofile\.m2\repository\org\slf4j\jcl-over-slf4j\1.7.30\jcl-over-slf4j-1.7.30.jar;C:\WINDOWS\system32\config\systemprofile\.m2\repository\com\github\docker-java\docker-java-transport-httpclient5\3.2.13\docker-java-transport-httpclient5-3.2.13.jar;C:\WINDOWS\system32\config\systemprofile\.m2\repository\com\github\docker-java\docker-java-transport\3.2.13\docker-java-transport-3.2.13.jar;C:\WINDOWS\system32\config\systemprofile\.m2\repository\net\java\dev\jna\jna\5.8.0\jna-5.8.0.jar;C:\WINDOWS\system32\config\systemprofile\.m2\repository\org\brotli\dec\0.1.2\dec-0.1.2.jar;C:\WINDOWS\system32\config\systemprofile\.m2\repository\org\apache\commons\commons-lang3\3.12.0\commons-lang3-3.12.0.jar;C:\WINDOWS\system32\config\systemprofile\.m2\repository\org\apache\httpcomponents\client5\httpclient5\5.1.3\httpclient5-5.1.3.jar;C:\WINDOWS\system32\config\systemprofile\.m2\repository\org\apache\httpcomponents\core5\httpcore5\5.1.3\httpcore5-5.1.3.jar;C:\WINDOWS\system32\config\systemprofile\.m2\repository\org\apache\httpcomponents\core5\httpcore5-h2\5.1.3\httpcore5-h2-5.1.3.jar;C:\WINDOWS\system32\config\systemprofile\.m2\repository\com\beust\jcommander\1.82\jcommander-1.82.jar;C:\WINDOWS\system32\config\systemprofile\.m2\repository\org\apache\poi\poi\5.2.3\poi-5.2.3.jar;C:\WINDOWS\system32\config\systemprofile\.m2\repository\commons-codec\commons-codec\1.15\commons-codec-1.15.jar;C:\WINDOWS\system32\config\systemprofile\.m2\repository\org\apache\commons\commons-collections4\4.4\commons-collections4-4.4.jar;C:\WINDOWS\system32\config\systemprofile\.m2\repository\org\apache\commons\commons-math3\3.6.1\commons-math3-3.6.1.jar;C:\WINDOWS\system32\config\systemprofile\.m2\repository\commons-io\commons-io\2.11.0\commons-io-2.11.0.jar;C:\WINDOWS\system32\config\systemprofile\.m2\repository\com\zaxxer\SparseBitSet\1.2\SparseBitSet-1.2.jar;C:\WINDOWS\system32\config\systemprofile\.m2\repository\org\apache\poi\poi-ooxml\5.2.3\poi-ooxml-5.2.3.jar;C:\WINDOWS\system32\config\systemprofile\.m2\repository\org\apache\poi\poi-ooxml-lite\5.2.3\poi-ooxml-lite-5.2.3.jar;C:\WINDOWS\system32\config\systemprofile\.m2\repository\org\apache\xmlbeans\xmlbeans\5.1.1\xmlbeans-5.1.1.jar;C:\WINDOWS\system32\config\systemprofile\.m2\repository\org\apache\commons\commons-compress\1.21\commons-compress-1.21.jar;C:\WINDOWS\system32\config\systemprofile\.m2\repository\com\github\virtuald\curvesapi\1.07\curvesapi-1.07.jar;C:\WINDOWS\system32\config\systemprofile\.m2\repository\com\aventstack\extentreports\5.0.9\extentreports-5.0.9.jar;C:\WINDOWS\system32\config\systemprofile\.m2\repository\io\reactivex\rxjava3\rxjava\3.0.4\rxjava-3.0.4.jar;C:\WINDOWS\system32\config\systemprofile\.m2\repository\org\reactivestreams\reactive-streams\1.0.3\reactive-streams-1.0.3.jar;C:\WINDOWS\system32\config\systemprofile\.m2\repository\org\freemarker\freemarker\2.3.30\freemarker-2.3.30.jar;C:\WINDOWS\system32\config\systemprofile\.m2\repository\org\projectlombok\lombok\1.18.12\lombok-1.18.12.jar;C:\WINDOWS\system32\config\systemprofile\.m2\repository\org\apache\logging\log4j\log4j-core\2.19.0\log4j-core-2.19.0.jar;C:\WINDOWS\system32\config\systemprofile\.m2\repository\org\apache\logging\log4j\log4j-api\2.19.0\log4j-api-2.19.0.jar;C:\WINDOWS\system32\config\systemprofile\.m2\repository\net\datafaker\datafaker\2.3.1\datafaker-2.3.1.jar;C:\WINDOWS\system32\config\systemprofile\.m2\repository\org\yaml\snakeyaml\2.2\snakeyaml-2.2.jar;C:\WINDOWS\system32\config\systemprofile\.m2\repository\com\github\curious-odd-man\rgxgen\2.0\rgxgen-2.0.jar;C:\WINDOWS\system32\config\systemprofile\.m2\repository\com\googlecode\libphonenumber\libphonenumber\8.13.41\libphonenumber-8.13.41.jar;"/>
    <property name="java.vm.vendor" value="Oracle Corporation"/>
    <property name="sun.arch.data.model" value="64"/>
    <property name="user.variant" value=""/>
    <property name="java.vendor.url" value="https://java.oracle.com/"/>
    <property name="user.timezone" value="Asia/Saigon"/>
    <property name="os.name" value="Windows 11"/>
    <property name="java.vm.specification.version" value="19"/>
    <property name="sun.java.launcher" value="SUN_STANDARD"/>
    <property name="user.country" value="US"/>
    <property name="sun.boot.library.path" value="C:\Program Files\Java\jdk-19\bin"/>
    <property name="sun.java.command" value="C:\Windows\Temp\surefire5609405520790280926\surefirebooter-20240822174158711_3.jar C:\Windows\Temp\surefire5609405520790280926 2024-08-22T17-41-58_189-jvmRun1 surefire-20240822174158711_1tmp surefire_0-20240822174158711_2tmp"/>
    <property name="jdk.debug" value="release"/>
    <property name="surefire.test.class.path" value="C:\SiliconStackProject\easyservautomation\easyserveautomation\target\test-classes;C:\SiliconStackProject\easyservautomation\easyserveautomation\target\classes;C:\WINDOWS\system32\config\systemprofile\.m2\repository\org\seleniumhq\selenium\selenium-java\4.7.2\selenium-java-4.7.2.jar;C:\WINDOWS\system32\config\systemprofile\.m2\repository\org\seleniumhq\selenium\selenium-api\4.7.2\selenium-api-4.7.2.jar;C:\WINDOWS\system32\config\systemprofile\.m2\repository\org\seleniumhq\selenium\selenium-chrome-driver\4.7.2\selenium-chrome-driver-4.7.2.jar;C:\WINDOWS\system32\config\systemprofile\.m2\repository\com\google\auto\service\auto-service-annotations\1.0.1\auto-service-annotations-1.0.1.jar;C:\WINDOWS\system32\config\systemprofile\.m2\repository\com\google\auto\service\auto-service\1.0.1\auto-service-1.0.1.jar;C:\WINDOWS\system32\config\systemprofile\.m2\repository\com\google\auto\auto-common\1.2\auto-common-1.2.jar;C:\WINDOWS\system32\config\systemprofile\.m2\repository\com\google\guava\guava\31.1-jre\guava-31.1-jre.jar;C:\WINDOWS\system32\config\systemprofile\.m2\repository\com\google\guava\failureaccess\1.0.1\failureaccess-1.0.1.jar;C:\WINDOWS\system32\config\systemprofile\.m2\repository\com\google\guava\listenablefuture\9999.0-empty-to-avoid-conflict-with-guava\listenablefuture-9999.0-empty-to-avoid-conflict-with-guava.jar;C:\WINDOWS\system32\config\systemprofile\.m2\repository\com\google\code\findbugs\jsr305\3.0.2\jsr305-3.0.2.jar;C:\WINDOWS\system32\config\systemprofile\.m2\repository\org\checkerframework\checker-qual\3.12.0\checker-qual-3.12.0.jar;C:\WINDOWS\system32\config\systemprofile\.m2\repository\com\google\errorprone\error_prone_annotations\2.11.0\error_prone_annotations-2.11.0.jar;C:\WINDOWS\system32\config\systemprofile\.m2\repository\com\google\j2objc\j2objc-annotations\1.3\j2objc-annotations-1.3.jar;C:\WINDOWS\system32\config\systemprofile\.m2\repository\org\seleniumhq\selenium\selenium-chromium-driver\4.7.2\selenium-chromium-driver-4.7.2.jar;C:\WINDOWS\system32\config\systemprofile\.m2\repository\org\seleniumhq\selenium\selenium-json\4.7.2\selenium-json-4.7.2.jar;C:\WINDOWS\system32\config\systemprofile\.m2\repository\org\seleniumhq\selenium\selenium-devtools-v106\4.7.2\selenium-devtools-v106-4.7.2.jar;C:\WINDOWS\system32\config\systemprofile\.m2\repository\org\seleniumhq\selenium\selenium-devtools-v107\4.7.2\selenium-devtools-v107-4.7.2.jar;C:\WINDOWS\system32\config\systemprofile\.m2\repository\org\seleniumhq\selenium\selenium-devtools-v108\4.7.2\selenium-devtools-v108-4.7.2.jar;C:\WINDOWS\system32\config\systemprofile\.m2\repository\org\seleniumhq\selenium\selenium-devtools-v85\4.7.2\selenium-devtools-v85-4.7.2.jar;C:\WINDOWS\system32\config\systemprofile\.m2\repository\org\seleniumhq\selenium\selenium-edge-driver\4.7.2\selenium-edge-driver-4.7.2.jar;C:\WINDOWS\system32\config\systemprofile\.m2\repository\org\seleniumhq\selenium\selenium-firefox-driver\4.7.2\selenium-firefox-driver-4.7.2.jar;C:\WINDOWS\system32\config\systemprofile\.m2\repository\org\seleniumhq\selenium\selenium-http\4.7.2\selenium-http-4.7.2.jar;C:\WINDOWS\system32\config\systemprofile\.m2\repository\dev\failsafe\failsafe\3.3.0\failsafe-3.3.0.jar;C:\WINDOWS\system32\config\systemprofile\.m2\repository\org\seleniumhq\selenium\selenium-ie-driver\4.7.2\selenium-ie-driver-4.7.2.jar;C:\WINDOWS\system32\config\systemprofile\.m2\repository\org\seleniumhq\selenium\selenium-remote-driver\4.7.2\selenium-remote-driver-4.7.2.jar;C:\WINDOWS\system32\config\systemprofile\.m2\repository\io\netty\netty-buffer\4.1.84.Final\netty-buffer-4.1.84.Final.jar;C:\WINDOWS\system32\config\systemprofile\.m2\repository\io\netty\netty-codec-http\4.1.84.Final\netty-codec-http-4.1.84.Final.jar;C:\WINDOWS\system32\config\systemprofile\.m2\repository\io\netty\netty-codec\4.1.84.Final\netty-codec-4.1.84.Final.jar;C:\WINDOWS\system32\config\systemprofile\.m2\repository\io\netty\netty-handler\4.1.84.Final\netty-handler-4.1.84.Final.jar;C:\WINDOWS\system32\config\systemprofile\.m2\repository\io\netty\netty-common\4.1.84.Final\netty-common-4.1.84.Final.jar;C:\WINDOWS\system32\config\systemprofile\.m2\repository\io\netty\netty-transport-classes-epoll\4.1.84.Final\netty-transport-classes-epoll-4.1.84.Final.jar;C:\WINDOWS\system32\config\systemprofile\.m2\repository\io\netty\netty-transport-classes-kqueue\4.1.84.Final\netty-transport-classes-kqueue-4.1.84.Final.jar;C:\WINDOWS\system32\config\systemprofile\.m2\repository\io\netty\netty-transport-native-epoll\4.1.84.Final\netty-transport-native-epoll-4.1.84.Final.jar;C:\WINDOWS\system32\config\systemprofile\.m2\repository\io\netty\netty-transport-native-kqueue\4.1.84.Final\netty-transport-native-kqueue-4.1.84.Final.jar;C:\WINDOWS\system32\config\systemprofile\.m2\repository\io\netty\netty-transport-native-unix-common\4.1.84.Final\netty-transport-native-unix-common-4.1.84.Final.jar;C:\WINDOWS\system32\config\systemprofile\.m2\repository\io\netty\netty-transport\4.1.84.Final\netty-transport-4.1.84.Final.jar;C:\WINDOWS\system32\config\systemprofile\.m2\repository\io\netty\netty-resolver\4.1.84.Final\netty-resolver-4.1.84.Final.jar;C:\WINDOWS\system32\config\systemprofile\.m2\repository\io\opentelemetry\opentelemetry-api\1.19.0\opentelemetry-api-1.19.0.jar;C:\WINDOWS\system32\config\systemprofile\.m2\repository\io\opentelemetry\opentelemetry-context\1.19.0\opentelemetry-context-1.19.0.jar;C:\WINDOWS\system32\config\systemprofile\.m2\repository\io\opentelemetry\opentelemetry-exporter-logging\1.19.0\opentelemetry-exporter-logging-1.19.0.jar;C:\WINDOWS\system32\config\systemprofile\.m2\repository\io\opentelemetry\opentelemetry-sdk-metrics\1.19.0\opentelemetry-sdk-metrics-1.19.0.jar;C:\WINDOWS\system32\config\systemprofile\.m2\repository\io\opentelemetry\opentelemetry-sdk-logs\1.19.0-alpha\opentelemetry-sdk-logs-1.19.0-alpha.jar;C:\WINDOWS\system32\config\systemprofile\.m2\repository\io\opentelemetry\opentelemetry-api-logs\1.19.0-alpha\opentelemetry-api-logs-1.19.0-alpha.jar;C:\WINDOWS\system32\config\systemprofile\.m2\repository\io\opentelemetry\opentelemetry-sdk-common\1.19.0\opentelemetry-sdk-common-1.19.0.jar;C:\WINDOWS\system32\config\systemprofile\.m2\repository\io\opentelemetry\opentelemetry-sdk-extension-autoconfigure-spi\1.19.0\opentelemetry-sdk-extension-autoconfigure-spi-1.19.0.jar;C:\WINDOWS\system32\config\systemprofile\.m2\repository\io\opentelemetry\opentelemetry-sdk-extension-autoconfigure\1.19.0-alpha\opentelemetry-sdk-extension-autoconfigure-1.19.0-alpha.jar;C:\WINDOWS\system32\config\systemprofile\.m2\repository\io\opentelemetry\opentelemetry-exporter-common\1.19.0\opentelemetry-exporter-common-1.19.0.jar;C:\WINDOWS\system32\config\systemprofile\.m2\repository\io\opentelemetry\opentelemetry-sdk-trace\1.19.0\opentelemetry-sdk-trace-1.19.0.jar;C:\WINDOWS\system32\config\systemprofile\.m2\repository\io\opentelemetry\opentelemetry-sdk\1.19.0\opentelemetry-sdk-1.19.0.jar;C:\WINDOWS\system32\config\systemprofile\.m2\repository\io\opentelemetry\opentelemetry-semconv\1.19.0-alpha\opentelemetry-semconv-1.19.0-alpha.jar;C:\WINDOWS\system32\config\systemprofile\.m2\repository\io\ous\jtoml\2.0.0\jtoml-2.0.0.jar;C:\WINDOWS\system32\config\systemprofile\.m2\repository\net\bytebuddy\byte-buddy\1.12.18\byte-buddy-1.12.18.jar;C:\WINDOWS\system32\config\systemprofile\.m2\repository\org\apache\commons\commons-exec\1.3\commons-exec-1.3.jar;C:\WINDOWS\system32\config\systemprofile\.m2\repository\org\asynchttpclient\async-http-client\2.12.3\async-http-client-2.12.3.jar;C:\WINDOWS\system32\config\systemprofile\.m2\repository\org\asynchttpclient\async-http-client-netty-utils\2.12.3\async-http-client-netty-utils-2.12.3.jar;C:\WINDOWS\system32\config\systemprofile\.m2\repository\io\netty\netty-codec-socks\4.1.60.Final\netty-codec-socks-4.1.60.Final.jar;C:\WINDOWS\system32\config\systemprofile\.m2\repository\io\netty\netty-handler-proxy\4.1.60.Final\netty-handler-proxy-4.1.60.Final.jar;C:\WINDOWS\system32\config\systemprofile\.m2\repository\io\netty\netty-transport-native-epoll\4.1.60.Final\netty-transport-native-epoll-4.1.60.Final-linux-x86_64.jar;C:\WINDOWS\system32\config\systemprofile\.m2\repository\io\netty\netty-transport-native-kqueue\4.1.60.Final\netty-transport-native-kqueue-4.1.60.Final-osx-x86_64.jar;C:\WINDOWS\system32\config\systemprofile\.m2\repository\com\typesafe\netty\netty-reactive-streams\2.0.4\netty-reactive-streams-2.0.4.jar;C:\WINDOWS\system32\config\systemprofile\.m2\repository\com\sun\activation\jakarta.activation\1.2.2\jakarta.activation-1.2.2.jar;C:\WINDOWS\system32\config\systemprofile\.m2\repository\org\seleniumhq\selenium\selenium-manager\4.7.2\selenium-manager-4.7.2.jar;C:\WINDOWS\system32\config\systemprofile\.m2\repository\org\seleniumhq\selenium\selenium-safari-driver\4.7.2\selenium-safari-driver-4.7.2.jar;C:\WINDOWS\system32\config\systemprofile\.m2\repository\org\seleniumhq\selenium\selenium-support\4.7.2\selenium-support-4.7.2.jar;C:\WINDOWS\system32\config\systemprofile\.m2\repository\org\slf4j\slf4j-simple\2.0.6\slf4j-simple-2.0.6.jar;C:\WINDOWS\system32\config\systemprofile\.m2\repository\org\slf4j\slf4j-api\2.0.6\slf4j-api-2.0.6.jar;C:\WINDOWS\system32\config\systemprofile\.m2\repository\org\testng\testng\7.4.0\testng-7.4.0.jar;C:\WINDOWS\system32\config\systemprofile\.m2\repository\org\webjars\jquery\3.5.1\jquery-3.5.1.jar;C:\WINDOWS\system32\config\systemprofile\.m2\repository\io\github\bonigarcia\webdrivermanager\5.3.1\webdrivermanager-5.3.1.jar;C:\WINDOWS\system32\config\systemprofile\.m2\repository\com\google\code\gson\gson\2.10\gson-2.10.jar;C:\WINDOWS\system32\config\systemprofile\.m2\repository\com\github\docker-java\docker-java\3.2.13\docker-java-3.2.13.jar;C:\WINDOWS\system32\config\systemprofile\.m2\repository\com\github\docker-java\docker-java-core\3.2.13\docker-java-core-3.2.13.jar;C:\WINDOWS\system32\config\systemprofile\.m2\repository\com\github\docker-java\docker-java-api\3.2.13\docker-java-api-3.2.13.jar;C:\WINDOWS\system32\config\systemprofile\.m2\repository\com\fasterxml\jackson\core\jackson-annotations\2.10.3\jackson-annotations-2.10.3.jar;C:\WINDOWS\system32\config\systemprofile\.m2\repository\com\fasterxml\jackson\core\jackson-databind\2.10.3\jackson-databind-2.10.3.jar;C:\WINDOWS\system32\config\systemprofile\.m2\repository\com\fasterxml\jackson\core\jackson-core\2.10.3\jackson-core-2.10.3.jar;C:\WINDOWS\system32\config\systemprofile\.m2\repository\org\bouncycastle\bcpkix-jdk15on\1.64\bcpkix-jdk15on-1.64.jar;C:\WINDOWS\system32\config\systemprofile\.m2\repository\org\bouncycastle\bcprov-jdk15on\1.64\bcprov-jdk15on-1.64.jar;C:\WINDOWS\system32\config\systemprofile\.m2\repository\org\slf4j\jcl-over-slf4j\1.7.30\jcl-over-slf4j-1.7.30.jar;C:\WINDOWS\system32\config\systemprofile\.m2\repository\com\github\docker-java\docker-java-transport-httpclient5\3.2.13\docker-java-transport-httpclient5-3.2.13.jar;C:\WINDOWS\system32\config\systemprofile\.m2\repository\com\github\docker-java\docker-java-transport\3.2.13\docker-java-transport-3.2.13.jar;C:\WINDOWS\system32\config\systemprofile\.m2\repository\net\java\dev\jna\jna\5.8.0\jna-5.8.0.jar;C:\WINDOWS\system32\config\systemprofile\.m2\repository\org\brotli\dec\0.1.2\dec-0.1.2.jar;C:\WINDOWS\system32\config\systemprofile\.m2\repository\org\apache\commons\commons-lang3\3.12.0\commons-lang3-3.12.0.jar;C:\WINDOWS\system32\config\systemprofile\.m2\repository\org\apache\httpcomponents\client5\httpclient5\5.1.3\httpclient5-5.1.3.jar;C:\WINDOWS\system32\config\systemprofile\.m2\repository\org\apache\httpcomponents\core5\httpcore5\5.1.3\httpcore5-5.1.3.jar;C:\WINDOWS\system32\config\systemprofile\.m2\repository\org\apache\httpcomponents\core5\httpcore5-h2\5.1.3\httpcore5-h2-5.1.3.jar;C:\WINDOWS\system32\config\systemprofile\.m2\repository\com\beust\jcommander\1.82\jcommander-1.82.jar;C:\WINDOWS\system32\config\systemprofile\.m2\repository\org\apache\poi\poi\5.2.3\poi-5.2.3.jar;C:\WINDOWS\system32\config\systemprofile\.m2\repository\commons-codec\commons-codec\1.15\commons-codec-1.15.jar;C:\WINDOWS\system32\config\systemprofile\.m2\repository\org\apache\commons\commons-collections4\4.4\commons-collections4-4.4.jar;C:\WINDOWS\system32\config\systemprofile\.m2\repository\org\apache\commons\commons-math3\3.6.1\commons-math3-3.6.1.jar;C:\WINDOWS\system32\config\systemprofile\.m2\repository\commons-io\commons-io\2.11.0\commons-io-2.11.0.jar;C:\WINDOWS\system32\config\systemprofile\.m2\repository\com\zaxxer\SparseBitSet\1.2\SparseBitSet-1.2.jar;C:\WINDOWS\system32\config\systemprofile\.m2\repository\org\apache\poi\poi-ooxml\5.2.3\poi-ooxml-5.2.3.jar;C:\WINDOWS\system32\config\systemprofile\.m2\repository\org\apache\poi\poi-ooxml-lite\5.2.3\poi-ooxml-lite-5.2.3.jar;C:\WINDOWS\system32\config\systemprofile\.m2\repository\org\apache\xmlbeans\xmlbeans\5.1.1\xmlbeans-5.1.1.jar;C:\WINDOWS\system32\config\systemprofile\.m2\repository\org\apache\commons\commons-compress\1.21\commons-compress-1.21.jar;C:\WINDOWS\system32\config\systemprofile\.m2\repository\com\github\virtuald\curvesapi\1.07\curvesapi-1.07.jar;C:\WINDOWS\system32\config\systemprofile\.m2\repository\com\aventstack\extentreports\5.0.9\extentreports-5.0.9.jar;C:\WINDOWS\system32\config\systemprofile\.m2\repository\io\reactivex\rxjava3\rxjava\3.0.4\rxjava-3.0.4.jar;C:\WINDOWS\system32\config\systemprofile\.m2\repository\org\reactivestreams\reactive-streams\1.0.3\reactive-streams-1.0.3.jar;C:\WINDOWS\system32\config\systemprofile\.m2\repository\org\freemarker\freemarker\2.3.30\freemarker-2.3.30.jar;C:\WINDOWS\system32\config\systemprofile\.m2\repository\org\projectlombok\lombok\1.18.12\lombok-1.18.12.jar;C:\WINDOWS\system32\config\systemprofile\.m2\repository\org\apache\logging\log4j\log4j-core\2.19.0\log4j-core-2.19.0.jar;C:\WINDOWS\system32\config\systemprofile\.m2\repository\org\apache\logging\log4j\log4j-api\2.19.0\log4j-api-2.19.0.jar;C:\WINDOWS\system32\config\systemprofile\.m2\repository\net\datafaker\datafaker\2.3.1\datafaker-2.3.1.jar;C:\WINDOWS\system32\config\systemprofile\.m2\repository\org\yaml\snakeyaml\2.2\snakeyaml-2.2.jar;C:\WINDOWS\system32\config\systemprofile\.m2\repository\com\github\curious-odd-man\rgxgen\2.0\rgxgen-2.0.jar;C:\WINDOWS\system32\config\systemprofile\.m2\repository\com\googlecode\libphonenumber\libphonenumber\8.13.41\libphonenumber-8.13.41.jar;"/>
    <property name="sun.cpu.endian" value="little"/>
    <property name="user.home" value="C:\WINDOWS\system32\config\systemprofile"/>
    <property name="user.language" value="en"/>
    <property name="java.specification.vendor" value="Oracle Corporation"/>
    <property name="java.version.date" value="2022-09-20"/>
    <property name="java.home" value="C:\Program Files\Java\jdk-19"/>
    <property name="file.separator" value="\"/>
    <property name="basedir" value="C:\SiliconStackProject\easyservautomation\easyserveautomation"/>
    <property name="java.vm.compressedOopsMode" value="Zero based"/>
    <property name="line.separator" value="&#10;"/>
    <property name="java.vm.specification.vendor" value="Oracle Corporation"/>
    <property name="java.specification.name" value="Java Platform API Specification"/>
    <property name="surefire.real.class.path" value="C:\Windows\Temp\surefire5609405520790280926\surefirebooter-20240822174158711_3.jar"/>
    <property name="user.script" value=""/>
    <property name="sun.management.compiler" value="HotSpot 64-Bit Tiered Compilers"/>
    <property name="java.runtime.version" value="19+36-2238"/>
    <property name="user.name" value="DESKTOP-GFKKN7N$"/>
    <property name="stdout.encoding" value="Cp1252"/>
    <property name="path.separator" value=";"/>
    <property name="os.version" value="10.0"/>
    <property name="java.runtime.name" value="Java(TM) SE Runtime Environment"/>
    <property name="file.encoding" value="UTF-8"/>
    <property name="java.vm.name" value="Java HotSpot(TM) 64-Bit Server VM"/>
    <property name="localRepository" value="C:\WINDOWS\system32\config\systemprofile\.m2\repository"/>
    <property name="java.vendor.url.bug" value="https://bugreport.java.com/bugreport/"/>
    <property name="java.io.tmpdir" value="C:\WINDOWS\TEMP\"/>
    <property name="java.version" value="19"/>
    <property name="user.dir" value="C:\SiliconStackProject\easyservautomation\easyserveautomation"/>
    <property name="os.arch" value="amd64"/>
    <property name="java.vm.specification.name" value="Java Virtual Machine Specification"/>
    <property name="sun.os.patch.level" value=""/>
    <property name="native.encoding" value="Cp1252"/>
    <property name="java.library.path" value="C:\Program Files\Java\jdk-19\bin;C:\WINDOWS\Sun\Java\bin;C:\WINDOWS\system32;C:\WINDOWS;C:\ProgramData\Jenkins\.jenkins\tools\hudson.tasks.Maven_MavenInstallation\apache-maven-3.8.6/bin;C:\Program Files\Java\jdk-19/bin;C:\Program Files\Java\jdk-19/bin;C:\Program Files\Common Files\Oracle\Java\javapath;C:\WINDOWS\system32;C:\WINDOWS;C:\WINDOWS\System32\Wbem;C:\WINDOWS\System32\WindowsPowerShell\v1.0\;C:\WINDOWS\System32\OpenSSH\;C:\Program Files\Java\jdk-19\bin;C:\Program Files\apache-maven-3.8.6\bin;C:\Program Files\Git\cmd;C:\Program Files\nodejs\;C:\Program Files (x86)\Microsoft SQL Server\160\Tools\Binn\;C:\Program Files\Microsoft SQL Server\160\Tools\Binn\;C:\Program Files\Microsoft SQL Server\Client SDK\ODBC\170\Tools\Binn\;C:\Program Files\Microsoft SQL Server\160\DTS\Binn\;C:\Program Files (x86)\Microsoft SQL Server\160\DTS\Binn\;C:\Program Files\Azure Data Studio\bin;C:\Program Files\TortoiseGit\bin;C:\WINDOWS\system32\config\systemprofile\AppData\Local\Microsoft\WindowsApps;."/>
    <property name="java.vm.info" value="mixed mode, sharing"/>
    <property name="stderr.encoding" value="Cp1252"/>
    <property name="java.vendor" value="Oracle Corporation"/>
    <property name="java.vm.version" value="19+36-2238"/>
    <property name="sun.io.unicode.encoding" value="UnicodeLittle"/>
    <property name="java.class.version" value="63.0"/>
  </properties>
  <testcase name="EnquiriesTest_TC001" classname="com.easyserv.testcases.Motoserve.EnquiriesTest" time="3.479">
    <system-out><![CDATA[2024-08-22 17:42:01,028 main ERROR File contains an invalid element or attribute "filePattern"
[INFO] 22-08-2024 17:42:01 [main] Log - Start testing Test_Suite_Motoserve_UAT
Launching Chrome browser...
[INFO] 22-08-2024 17:42:12 [main] Log - EnquiriesTest_TC001 test is starting...
Printer Status Select Store :true
Printer Status first name :true
Printer Status last name :true
Printer Status email field :true
Printer Status Your Enquiry field :true
Printer Status Send Button :false
[INFO] 22-08-2024 17:42:16 [main] Log - EnquiriesTest_TC001 test is passed.
]]></system-out>
    <system-err><![CDATA[Starting ChromeDriver 127.0.6533.88 (a2d0cb026721e4644e489b8ebb07038ca4e4351c-refs/branch-heads/6533@{#1846}) on port 13597
Only local connections are allowed.
Please see https://chromedriver.chromium.org/security-considerations for suggestions on keeping ChromeDriver safe.
ChromeDriver was started successfully.
Aug 22, 2024 5:42:05 PM org.openqa.selenium.devtools.CdpVersionFinder findNearestMatch
WARNING: Unable to find CDP implementation matching 127
Aug 22, 2024 5:42:05 PM org.openqa.selenium.chromium.ChromiumDriver lambda$new$3
WARNING: Unable to find version of CDP to use for . You may need to include a dependency on a specific version of the CDP using something similar to `org.seleniumhq.selenium:selenium-devtools-v86:4.7.2` where the version ("v86") matches the version of the chromium-based browser you're using and the version number of the artifact is the same as Selenium's.
]]></system-err>
  </testcase>
  <testcase name="EnquiriesTest_TC002" classname="com.easyserv.testcases.Motoserve.EnquiriesTest" time="4.71">
    <system-out><![CDATA[ExportData/Screenshots
ExportData/Screenshots
Screenshot taken: EnquiriesTest_TC001
Screenshot taken current URL: https://motorserve-booking-uat.siliconstack.com.au/enquiries
[INFO] 22-08-2024 17:42:18 [main] Log - EnquiriesTest_TC002 test is starting...
Printer Privacy Header : MOTORSERVE PRIVACY POLICY
[INFO] 22-08-2024 17:42:22 [main] Log - EnquiriesTest_TC002 test is passed.
]]></system-out>
  </testcase>
  <testcase name="EnquiriesTest_TC003" classname="com.easyserv.testcases.Motoserve.EnquiriesTest" time="2.561">
    <system-out><![CDATA[ExportData/Screenshots
ExportData/Screenshots
Screenshot taken: EnquiriesTest_TC002
Screenshot taken current URL: https://motorserve.com.au/privacy-policy/
[INFO] 22-08-2024 17:42:24 [main] Log - EnquiriesTest_TC003 test is starting...
[INFO] 22-08-2024 17:42:26 [main] Log - EnquiriesTest_TC003 test is passed.
]]></system-out>
  </testcase>
  <testcase name="EnquiriesTest_TC004" classname="com.easyserv.testcases.Motoserve.EnquiriesTest" time="2.492">
    <system-out><![CDATA[ExportData/Screenshots
ExportData/Screenshots
Screenshot taken: EnquiriesTest_TC003
Screenshot taken current URL: https://motorserve-booking-uat.siliconstack.com.au/enquiries
[INFO] 22-08-2024 17:42:28 [main] Log - EnquiriesTest_TC004 test is starting...
[INFO] 22-08-2024 17:42:31 [main] Log - EnquiriesTest_TC004 test is passed.
]]></system-out>
  </testcase>
  <testcase name="EnquiriesTest_TC005" classname="com.easyserv.testcases.Motoserve.EnquiriesTest" time="4.847">
    <system-out><![CDATA[ExportData/Screenshots
ExportData/Screenshots
Screenshot taken: EnquiriesTest_TC004
Screenshot taken current URL: https://motorserve-booking-uat.siliconstack.com.au/enquiries
[INFO] 22-08-2024 17:42:32 [main] Log - EnquiriesTest_TC005 test is starting...
Printer Status first name :true
Printer Status last name :true
Printer Status last name :true
Printer Status email field :true
Printer Status Your Enquiry field :true
[INFO] 22-08-2024 17:42:37 [main] Log - EnquiriesTest_TC005 test is passed.
]]></system-out>
  </testcase>
  <testcase name="EnquiriesTest_TC006" classname="com.easyserv.testcases.Motoserve.EnquiriesTest" time="5.77">
    <system-out><![CDATA[ExportData/Screenshots
ExportData/Screenshots
Screenshot taken: EnquiriesTest_TC005
Screenshot taken current URL: https://motorserve-booking-uat.siliconstack.com.au/enquiries
[INFO] 22-08-2024 17:42:38 [main] Log - EnquiriesTest_TC006 test is starting...
Printer Status Send Button :true
[INFO] 22-08-2024 17:42:44 [main] Log - EnquiriesTest_TC006 test is passed.
]]></system-out>
  </testcase>
  <testcase name="EnquiriesTest_TC007[Tom, Nguyễn, 0909789789, tom@gmail.com, Help me, please](1)" classname="com.easyserv.testcases.Motoserve.EnquiriesTest" time="7.292">
    <system-out><![CDATA[ExportData/Screenshots
ExportData/Screenshots
Screenshot taken: EnquiriesTest_TC006
Screenshot taken current URL: https://motorserve-booking-uat.siliconstack.com.au/enquiries
[INFO] 22-08-2024 17:42:45 [main] Log - EnquiriesTest_TC007 test is starting...
Printer Enquiry Sent Header : ENQUIRY SENT
[INFO] 22-08-2024 17:42:52 [main] Log - EnquiriesTest_TC007 test is passed.
]]></system-out>
  </testcase>
  <testcase name="EnquiriesTest_TC007[Tom, Nguyễn, , tom@gmail.com, Help me, please](2)" classname="com.easyserv.testcases.Motoserve.EnquiriesTest" time="7.558">
    <system-out><![CDATA[ExportData/Screenshots
ExportData/Screenshots
Screenshot taken: EnquiriesTest_TC007
Screenshot taken current URL: https://motorserve-booking-uat.siliconstack.com.au/enquiries/success
[INFO] 22-08-2024 17:42:54 [main] Log - EnquiriesTest_TC007 test is starting...
Printer Enquiry Sent Header : ENQUIRY SENT
[INFO] 22-08-2024 17:43:01 [main] Log - EnquiriesTest_TC007 test is passed.
]]></system-out>
  </testcase>
  <testcase name="EnquiriesTest_TC007[Tommmmmmmmmmmmmmmmmmmmmmmmmmmmmmmmmmmmmmmmmmmmmmmm, Nguyễn, 0909789789, tom@gmail.com, Help me, please](3)" classname="com.easyserv.testcases.Motoserve.EnquiriesTest" time="16.601">
    <system-out><![CDATA[ExportData/Screenshots
ExportData/Screenshots
Screenshot taken: EnquiriesTest_TC007
Screenshot taken current URL: https://motorserve-booking-uat.siliconstack.com.au/enquiries/success
[INFO] 22-08-2024 17:43:03 [main] Log - EnquiriesTest_TC007 test is starting...
Printer Enquiry Sent Header : ENQUIRY SENT
[INFO] 22-08-2024 17:43:19 [main] Log - EnquiriesTest_TC007 test is passed.
]]></system-out>
  </testcase>
  <testcase name="EnquiriesTest_TC007[Tom, Nguyennnnnnnnnnnnnnnnnnnnnnnnnnnnnnnnnnnnnnnnnnnnn, 0909789789, tom@gmail.com, Help me, please](4)" classname="com.easyserv.testcases.Motoserve.EnquiriesTest" time="8.275">
    <system-out><![CDATA[ExportData/Screenshots
ExportData/Screenshots
Screenshot taken: EnquiriesTest_TC007
Screenshot taken current URL: https://motorserve-booking-uat.siliconstack.com.au/enquiries/success
[INFO] 22-08-2024 17:43:35 [main] Log - EnquiriesTest_TC007 test is starting...
Printer Enquiry Sent Header : ENQUIRY SENT
[INFO] 22-08-2024 17:43:43 [main] Log - EnquiriesTest_TC007 test is passed.
]]></system-out>
  </testcase>
  <testcase name="EnquiriesTest_TC007[Tom, Nguyễn, 0909789789, tom@gmail.com, Testing by Tom nguyennnnnnnnnnnnnnnnnnnnnnnnnnnnnnnnnnnnnnnnnnn](5)" classname="com.easyserv.testcases.Motoserve.EnquiriesTest" time="7.44">
    <system-out><![CDATA[ExportData/Screenshots
ExportData/Screenshots
Screenshot taken: EnquiriesTest_TC007
Screenshot taken current URL: https://motorserve-booking-uat.siliconstack.com.au/enquiries/success
[INFO] 22-08-2024 17:43:45 [main] Log - EnquiriesTest_TC007 test is starting...
Printer Enquiry Sent Header : ENQUIRY SENT
[INFO] 22-08-2024 17:43:52 [main] Log - EnquiriesTest_TC007 test is passed.
]]></system-out>
  </testcase>
  <testcase name="EnquiriesTest_TC008" classname="com.easyserv.testcases.Motoserve.EnquiriesTest" time="5.37">
    <system-out><![CDATA[ExportData/Screenshots
ExportData/Screenshots
Screenshot taken: EnquiriesTest_TC007
Screenshot taken current URL: https://motorserve-booking-uat.siliconstack.com.au/enquiries/success
[INFO] 22-08-2024 17:43:54 [main] Log - EnquiriesTest_TC008 test is starting...
Printer Status Send Button :false
[INFO] 22-08-2024 17:43:59 [main] Log - EnquiriesTest_TC008 test is passed.
]]></system-out>
  </testcase>
  <testcase name="EnquiriesTest_TC009" classname="com.easyserv.testcases.Motoserve.EnquiriesTest" time="5.559">
    <system-out><![CDATA[ExportData/Screenshots
ExportData/Screenshots
Screenshot taken: EnquiriesTest_TC008
Screenshot taken current URL: https://motorserve-booking-uat.siliconstack.com.au/enquiries
[INFO] 22-08-2024 17:44:01 [main] Log - EnquiriesTest_TC009 test is starting...
[INFO] 22-08-2024 17:44:06 [main] Log - EnquiriesTest_TC009 test is passed.
]]></system-out>
  </testcase>
  <testcase name="EnquiriesTest_TC010" classname="com.easyserv.testcases.Motoserve.EnquiriesTest" time="5.461">
    <system-out><![CDATA[ExportData/Screenshots
ExportData/Screenshots
Screenshot taken: EnquiriesTest_TC009
Screenshot taken current URL: https://motorserve-booking-uat.siliconstack.com.au/enquiries
[INFO] 22-08-2024 17:44:08 [main] Log - EnquiriesTest_TC010 test is starting...
[INFO] 22-08-2024 17:44:13 [main] Log - EnquiriesTest_TC010 test is passed.
]]></system-out>
  </testcase>
  <testcase name="EnquiriesTest_TC011" classname="com.easyserv.testcases.Motoserve.EnquiriesTest" time="5.616">
    <system-out><![CDATA[ExportData/Screenshots
ExportData/Screenshots
Screenshot taken: EnquiriesTest_TC010
Screenshot taken current URL: https://motorserve-booking-uat.siliconstack.com.au/enquiries
[INFO] 22-08-2024 17:44:14 [main] Log - EnquiriesTest_TC011 test is starting...
[INFO] 22-08-2024 17:44:20 [main] Log - EnquiriesTest_TC011 test is passed.
]]></system-out>
  </testcase>
  <testcase name="EnquiriesTest_TC012" classname="com.easyserv.testcases.Motoserve.EnquiriesTest" time="5.443">
    <system-out><![CDATA[ExportData/Screenshots
ExportData/Screenshots
Screenshot taken: EnquiriesTest_TC011
Screenshot taken current URL: https://motorserve-booking-uat.siliconstack.com.au/enquiries
[INFO] 22-08-2024 17:44:22 [main] Log - EnquiriesTest_TC012 test is starting...
[INFO] 22-08-2024 17:44:27 [main] Log - EnquiriesTest_TC012 test is passed.
]]></system-out>
  </testcase>
  <testcase name="EnquiriesTest_TC013" classname="com.easyserv.testcases.Motoserve.EnquiriesTest" time="3.354">
    <system-out><![CDATA[ExportData/Screenshots
ExportData/Screenshots
Screenshot taken: EnquiriesTest_TC012
Screenshot taken current URL: https://motorserve-booking-uat.siliconstack.com.au/enquiries
[INFO] 22-08-2024 17:44:31 [main] Log - EnquiriesTest_TC013 test is starting...
[INFO] 22-08-2024 17:44:34 [main] Log - EnquiriesTest_TC013 test is passed.
]]></system-out>
  </testcase>
  <testcase name="EnquiriesTest_TC014" classname="com.easyserv.testcases.Motoserve.EnquiriesTest" time="2.052">
    <system-out><![CDATA[ExportData/Screenshots
ExportData/Screenshots
Screenshot taken: EnquiriesTest_TC013
Screenshot taken current URL: https://motorserve-booking-uat.siliconstack.com.au/enquiries
[INFO] 22-08-2024 17:44:36 [main] Log - EnquiriesTest_TC014 test is starting...
[INFO] 22-08-2024 17:44:37 [main] Log - EnquiriesTest_TC014 test is passed.
]]></system-out>
  </testcase>
  <testcase name="EnquiriesTest_TC015" classname="com.easyserv.testcases.Motoserve.EnquiriesTest" time="2.448">
    <system-out><![CDATA[ExportData/Screenshots
ExportData/Screenshots
Screenshot taken: EnquiriesTest_TC014
Screenshot taken current URL: https://motorserve-booking-uat.siliconstack.com.au/enquiries
[INFO] 22-08-2024 17:44:39 [main] Log - EnquiriesTest_TC015 test is starting...
[INFO] 22-08-2024 17:44:41 [main] Log - EnquiriesTest_TC015 test is passed.
]]></system-out>
  </testcase>
  <testcase name="EnquiriesTest_TC016" classname="com.easyserv.testcases.Motoserve.EnquiriesTest" time="2.321">
    <system-out><![CDATA[ExportData/Screenshots
ExportData/Screenshots
Screenshot taken: EnquiriesTest_TC015
Screenshot taken current URL: https://motorserve-booking-uat.siliconstack.com.au/enquiries
[INFO] 22-08-2024 17:44:43 [main] Log - EnquiriesTest_TC016 test is starting...
[INFO] 22-08-2024 17:44:45 [main] Log - EnquiriesTest_TC016 test is passed.
]]></system-out>
  </testcase>
  <testcase name="EnquiriesTest_TC017[0*#5624391](1)" classname="com.easyserv.testcases.Motoserve.EnquiriesTest" time="1.891">
    <system-out><![CDATA[ExportData/Screenshots
ExportData/Screenshots
Screenshot taken: EnquiriesTest_TC016
Screenshot taken current URL: https://motorserve-booking-uat.siliconstack.com.au/enquiries
[INFO] 22-08-2024 17:44:46 [main] Log - EnquiriesTest_TC017 test is starting...
[INFO] 22-08-2024 17:44:48 [main] Log - EnquiriesTest_TC017 test is passed.
]]></system-out>
  </testcase>
  <testcase name="EnquiriesTest_TC017[01 23 45 6 7](2)" classname="com.easyserv.testcases.Motoserve.EnquiriesTest" time="2.168">
    <system-out><![CDATA[ExportData/Screenshots
ExportData/Screenshots
Screenshot taken: EnquiriesTest_TC017
Screenshot taken current URL: https://motorserve-booking-uat.siliconstack.com.au/enquiries
[INFO] 22-08-2024 17:44:49 [main] Log - EnquiriesTest_TC017 test is starting...
[INFO] 22-08-2024 17:44:51 [main] Log - EnquiriesTest_TC017 test is passed.
]]></system-out>
  </testcase>
  <testcase name="EnquiriesTest_TC017[012abc345d](3)" classname="com.easyserv.testcases.Motoserve.EnquiriesTest" time="1.766">
    <system-out><![CDATA[ExportData/Screenshots
ExportData/Screenshots
Screenshot taken: EnquiriesTest_TC017
Screenshot taken current URL: https://motorserve-booking-uat.siliconstack.com.au/enquiries
[INFO] 22-08-2024 17:44:53 [main] Log - EnquiriesTest_TC017 test is starting...
[INFO] 22-08-2024 17:44:54 [main] Log - EnquiriesTest_TC017 test is passed.
]]></system-out>
  </testcase>
  <testcase name="EnquiriesTest_TC017[1234567890](4)" classname="com.easyserv.testcases.Motoserve.EnquiriesTest" time="2.253">
    <system-out><![CDATA[ExportData/Screenshots
ExportData/Screenshots
Screenshot taken: EnquiriesTest_TC017
Screenshot taken current URL: https://motorserve-booking-uat.siliconstack.com.au/enquiries
[INFO] 22-08-2024 17:44:56 [main] Log - EnquiriesTest_TC017 test is starting...
[INFO] 22-08-2024 17:44:58 [main] Log - EnquiriesTest_TC017 test is passed.
]]></system-out>
  </testcase>
  <testcase name="EnquiriesTest_TC017[0*# 123 0&amp;!](5)" classname="com.easyserv.testcases.Motoserve.EnquiriesTest" time="2.094">
    <system-out><![CDATA[ExportData/Screenshots
ExportData/Screenshots
Screenshot taken: EnquiriesTest_TC017
Screenshot taken current URL: https://motorserve-booking-uat.siliconstack.com.au/enquiries
[INFO] 22-08-2024 17:45:00 [main] Log - EnquiriesTest_TC017 test is starting...
[INFO] 22-08-2024 17:45:02 [main] Log - EnquiriesTest_TC017 test is passed.
]]></system-out>
  </testcase>
  <testcase name="EnquiriesTest_TC017[0abc1230&amp;!](6)" classname="com.easyserv.testcases.Motoserve.EnquiriesTest" time="1.682">
    <system-out><![CDATA[ExportData/Screenshots
ExportData/Screenshots
Screenshot taken: EnquiriesTest_TC017
Screenshot taken current URL: https://motorserve-booking-uat.siliconstack.com.au/enquiries
[INFO] 22-08-2024 17:45:03 [main] Log - EnquiriesTest_TC017 test is starting...
[INFO] 22-08-2024 17:45:04 [main] Log - EnquiriesTest_TC017 test is passed.
]]></system-out>
  </testcase>
  <testcase name="EnquiriesTest_TC017[1230&amp;!78%](7)" classname="com.easyserv.testcases.Motoserve.EnquiriesTest" time="2.183">
    <system-out><![CDATA[ExportData/Screenshots
ExportData/Screenshots
Screenshot taken: EnquiriesTest_TC017
Screenshot taken current URL: https://motorserve-booking-uat.siliconstack.com.au/enquiries
[INFO] 22-08-2024 17:45:06 [main] Log - EnquiriesTest_TC017 test is starting...
[INFO] 22-08-2024 17:45:08 [main] Log - EnquiriesTest_TC017 test is passed.
]]></system-out>
  </testcase>
  <testcase name="EnquiriesTest_TC017[abc 5241 ab](8)" classname="com.easyserv.testcases.Motoserve.EnquiriesTest" time="2.105">
    <system-out><![CDATA[ExportData/Screenshots
ExportData/Screenshots
Screenshot taken: EnquiriesTest_TC017
Screenshot taken current URL: https://motorserve-booking-uat.siliconstack.com.au/enquiries
[INFO] 22-08-2024 17:45:10 [main] Log - EnquiriesTest_TC017 test is starting...
[INFO] 22-08-2024 17:45:12 [main] Log - EnquiriesTest_TC017 test is passed.
]]></system-out>
  </testcase>
  <testcase name="EnquiriesTest_TC017[123%$ 0 %](9)" classname="com.easyserv.testcases.Motoserve.EnquiriesTest" time="1.657">
    <system-out><![CDATA[ExportData/Screenshots
ExportData/Screenshots
Screenshot taken: EnquiriesTest_TC017
Screenshot taken current URL: https://motorserve-booking-uat.siliconstack.com.au/enquiries
[INFO] 22-08-2024 17:45:13 [main] Log - EnquiriesTest_TC017 test is starting...
[INFO] 22-08-2024 17:45:15 [main] Log - EnquiriesTest_TC017 test is passed.
]]></system-out>
  </testcase>
  <testcase name="EnquiriesTest_TC017[123s%$ 0 abc%](10)" classname="com.easyserv.testcases.Motoserve.EnquiriesTest" time="2.092">
    <system-out><![CDATA[ExportData/Screenshots
ExportData/Screenshots
Screenshot taken: EnquiriesTest_TC017
Screenshot taken current URL: https://motorserve-booking-uat.siliconstack.com.au/enquiries
[INFO] 22-08-2024 17:45:16 [main] Log - EnquiriesTest_TC017 test is starting...
[INFO] 22-08-2024 17:45:18 [main] Log - EnquiriesTest_TC017 test is passed.
]]></system-out>
  </testcase>
  <testcase name="EnquiriesTest_TC018[2 0*](1)" classname="com.easyserv.testcases.Motoserve.EnquiriesTest" time="2.397">
    <system-out><![CDATA[ExportData/Screenshots
ExportData/Screenshots
Screenshot taken: EnquiriesTest_TC017
Screenshot taken current URL: https://motorserve-booking-uat.siliconstack.com.au/enquiries
[INFO] 22-08-2024 17:45:20 [main] Log - EnquiriesTest_TC018 test is starting...
[INFO] 22-08-2024 17:45:22 [main] Log - EnquiriesTest_TC018 test is passed.
]]></system-out>
  </testcase>
  <testcase name="EnquiriesTest_TC018[2*a1](2)" classname="com.easyserv.testcases.Motoserve.EnquiriesTest" time="1.644">
    <system-out><![CDATA[ExportData/Screenshots
ExportData/Screenshots
Screenshot taken: EnquiriesTest_TC018
Screenshot taken current URL: https://motorserve-booking-uat.siliconstack.com.au/enquiries
[INFO] 22-08-2024 17:45:23 [main] Log - EnquiriesTest_TC018 test is starting...
[INFO] 22-08-2024 17:45:25 [main] Log - EnquiriesTest_TC018 test is passed.
]]></system-out>
  </testcase>
  <testcase name="EnquiriesTest_TC018[2 *a](3)" classname="com.easyserv.testcases.Motoserve.EnquiriesTest" time="1.897">
    <failure message="stale element reference: stale element not found in the current frame&#10;  (Session info: chrome=127.0.6533.120)&#10;For documentation on this error, please visit: https://selenium.dev/exceptions/#stale_element_reference&#10;Build info: version: &apos;4.7.2&apos;, revision: &apos;4d4020c3b7&apos;&#10;System info: os.name: &apos;Windows 11&apos;, os.arch: &apos;amd64&apos;, os.version: &apos;10.0&apos;, java.version: &apos;19&apos;&#10;Driver info: org.openqa.selenium.chrome.ChromeDriver&#10;Command: [f135d2e3673349c4e651bd98fc4dc54d, sendKeysToElement {id=f.E9588A3EA30E6486DF31CA0A0D4C84DF.d.49EF9CD4552D9ABA39F70A8D7CE074D1.e.1244, value=[Ljava.lang.CharSequence;@38e88e13}]&#10;Capabilities {acceptInsecureCerts: false, browserName: chrome, browserVersion: 127.0.6533.120, chrome: {chromedriverVersion: 127.0.6533.88 (a2d0cb026721..., userDataDir: C:\WINDOWS\SystemTemp\scope...}, fedcm:accounts: true, goog:chromeOptions: {debuggerAddress: localhost:52212}, networkConnectionEnabled: false, pageLoadStrategy: normal, platformName: WINDOWS, proxy: Proxy(), se:cdp: ws://localhost:52212/devtoo..., se:cdpVersion: 127.0.6533.120, setWindowRect: true, strictFileInteractability: false, timeouts: {implicit: 0, pageLoad: 300000, script: 30000}, unhandledPromptBehavior: dismiss and notify, webauthn:extension:credBlob: true, webauthn:extension:largeBlob: true, webauthn:extension:minPinLength: true, webauthn:extension:prf: true, webauthn:virtualAuthenticators: true}&#10;Element: [[ChromeDriver: chrome on WINDOWS (f135d2e3673349c4e651bd98fc4dc54d)] -&gt; xpath: //body/div[@id=&apos;__next&apos;]/section[1]/main[1]/div[1]/div[2]/div[1]/div[1]/div[2]/div[1]/form[1]/div[5]/div[1]/div[1]/div[1]/div[2]/div[1]/div[1]/span[1]/input[1]]&#10;Session ID: f135d2e3673349c4e651bd98fc4dc54d" type="org.openqa.selenium.StaleElementReferenceException"><![CDATA[org.openqa.selenium.StaleElementReferenceException: 
stale element reference: stale element not found in the current frame
  (Session info: chrome=127.0.6533.120)
For documentation on this error, please visit: https://selenium.dev/exceptions/#stale_element_reference
Build info: version: '4.7.2', revision: '4d4020c3b7'
System info: os.name: 'Windows 11', os.arch: 'amd64', os.version: '10.0', java.version: '19'
Driver info: org.openqa.selenium.chrome.ChromeDriver
Command: [f135d2e3673349c4e651bd98fc4dc54d, sendKeysToElement {id=f.E9588A3EA30E6486DF31CA0A0D4C84DF.d.49EF9CD4552D9ABA39F70A8D7CE074D1.e.1244, value=[Ljava.lang.CharSequence;@38e88e13}]
Capabilities {acceptInsecureCerts: false, browserName: chrome, browserVersion: 127.0.6533.120, chrome: {chromedriverVersion: 127.0.6533.88 (a2d0cb026721..., userDataDir: C:\WINDOWS\SystemTemp\scope...}, fedcm:accounts: true, goog:chromeOptions: {debuggerAddress: localhost:52212}, networkConnectionEnabled: false, pageLoadStrategy: normal, platformName: WINDOWS, proxy: Proxy(), se:cdp: ws://localhost:52212/devtoo..., se:cdpVersion: 127.0.6533.120, setWindowRect: true, strictFileInteractability: false, timeouts: {implicit: 0, pageLoad: 300000, script: 30000}, unhandledPromptBehavior: dismiss and notify, webauthn:extension:credBlob: true, webauthn:extension:largeBlob: true, webauthn:extension:minPinLength: true, webauthn:extension:prf: true, webauthn:virtualAuthenticators: true}
Element: [[ChromeDriver: chrome on WINDOWS (f135d2e3673349c4e651bd98fc4dc54d)] -> xpath: //body/div[@id='__next']/section[1]/main[1]/div[1]/div[2]/div[1]/div[1]/div[2]/div[1]/form[1]/div[5]/div[1]/div[1]/div[1]/div[2]/div[1]/div[1]/span[1]/input[1]]
Session ID: f135d2e3673349c4e651bd98fc4dc54d
	at java.base/jdk.internal.reflect.DirectConstructorHandleAccessor.newInstance(DirectConstructorHandleAccessor.java:67)
	at java.base/java.lang.reflect.Constructor.newInstanceWithCaller(Constructor.java:500)
	at java.base/java.lang.reflect.Constructor.newInstance(Constructor.java:484)
	at org.openqa.selenium.remote.codec.w3c.W3CHttpResponseCodec.createException(W3CHttpResponseCodec.java:200)
	at org.openqa.selenium.remote.codec.w3c.W3CHttpResponseCodec.decode(W3CHttpResponseCodec.java:133)
	at org.openqa.selenium.remote.codec.w3c.W3CHttpResponseCodec.decode(W3CHttpResponseCodec.java:53)
	at org.openqa.selenium.remote.HttpCommandExecutor.execute(HttpCommandExecutor.java:184)
	at org.openqa.selenium.remote.service.DriverCommandExecutor.invokeExecute(DriverCommandExecutor.java:167)
	at org.openqa.selenium.remote.service.DriverCommandExecutor.execute(DriverCommandExecutor.java:142)
	at org.openqa.selenium.remote.RemoteWebDriver.execute(RemoteWebDriver.java:535)
	at org.openqa.selenium.remote.RemoteWebElement.execute(RemoteWebElement.java:257)
	at org.openqa.selenium.remote.RemoteWebElement.sendKeys(RemoteWebElement.java:113)
	at com.easyserv.common.ValidateHelper.setText(ValidateHelper.java:35)
	at com.easyserv.pages.Motoserve_BookingApp_UAT.EnquiriesPages.Enquiries_TC018(EnquiriesPages.java:216)
	at com.easyserv.testcases.Motoserve.EnquiriesTest.EnquiriesTest_TC018(EnquiriesTest.java:131)
	at java.base/jdk.internal.reflect.DirectMethodHandleAccessor.invoke(DirectMethodHandleAccessor.java:104)
	at java.base/java.lang.reflect.Method.invoke(Method.java:578)
	at org.testng.internal.MethodInvocationHelper.invokeMethod(MethodInvocationHelper.java:133)
	at org.testng.internal.TestInvoker.invokeMethod(TestInvoker.java:598)
	at org.testng.internal.TestInvoker.invokeTestMethod(TestInvoker.java:173)
	at org.testng.internal.MethodRunner.runInSequence(MethodRunner.java:46)
	at org.testng.internal.TestInvoker$MethodInvocationAgent.invoke(TestInvoker.java:824)
	at org.testng.internal.TestInvoker.invokeTestMethods(TestInvoker.java:146)
	at org.testng.internal.TestMethodWorker.invokeTestMethods(TestMethodWorker.java:146)
	at org.testng.internal.TestMethodWorker.run(TestMethodWorker.java:128)
	at java.base/java.util.ArrayList.forEach(ArrayList.java:1511)
	at org.testng.TestRunner.privateRun(TestRunner.java:794)
	at org.testng.TestRunner.run(TestRunner.java:596)
	at org.testng.SuiteRunner.runTest(SuiteRunner.java:377)
	at org.testng.SuiteRunner.runSequentially(SuiteRunner.java:371)
	at org.testng.SuiteRunner.privateRun(SuiteRunner.java:332)
	at org.testng.SuiteRunner.run(SuiteRunner.java:276)
	at org.testng.SuiteRunnerWorker.runSuite(SuiteRunnerWorker.java:53)
	at org.testng.SuiteRunnerWorker.run(SuiteRunnerWorker.java:96)
	at org.testng.TestNG.runSuitesSequentially(TestNG.java:1212)
	at org.testng.TestNG.runSuitesLocally(TestNG.java:1134)
	at org.testng.TestNG.runSuites(TestNG.java:1063)
	at org.testng.TestNG.run(TestNG.java:1031)
	at org.apache.maven.surefire.testng.TestNGExecutor.run(TestNGExecutor.java:308)
	at org.apache.maven.surefire.testng.TestNGXmlTestSuite.execute(TestNGXmlTestSuite.java:71)
	at org.apache.maven.surefire.testng.TestNGProvider.invoke(TestNGProvider.java:113)
	at org.apache.maven.surefire.booter.ForkedBooter.runSuitesInProcess(ForkedBooter.java:385)
	at org.apache.maven.surefire.booter.ForkedBooter.execute(ForkedBooter.java:162)
	at org.apache.maven.surefire.booter.ForkedBooter.run(ForkedBooter.java:507)
	at org.apache.maven.surefire.booter.ForkedBooter.main(ForkedBooter.java:495)
]]></failure>
    <system-out><![CDATA[ExportData/Screenshots
ExportData/Screenshots
Screenshot taken: EnquiriesTest_TC018
Screenshot taken current URL: https://motorserve-booking-uat.siliconstack.com.au/enquiries
[INFO] 22-08-2024 17:45:26 [main] Log - EnquiriesTest_TC018 test is starting...
[ERROR] 22-08-2024 17:45:28 [main] Log - EnquiriesTest_TC018 test is failed.
]]></system-out>
  </testcase>
  <testcase name="EnquiriesTest_TC018[$21x](4)" classname="com.easyserv.testcases.Motoserve.EnquiriesTest" time="2.687">
    <system-out><![CDATA[ExportData/Screenshots
ExportData/Screenshots
Screenshot taken: EnquiriesTest_TC018
Screenshot taken current URL: https://motorserve-booking-uat.siliconstack.com.au/enquiries
[INFO] 22-08-2024 17:45:30 [main] Log - EnquiriesTest_TC018 test is starting...
[INFO] 22-08-2024 17:45:32 [main] Log - EnquiriesTest_TC018 test is passed.
]]></system-out>
  </testcase>
  <testcase name="EnquiriesTest_TC018[2 02](5)" classname="com.easyserv.testcases.Motoserve.EnquiriesTest" time="2.012">
    <system-out><![CDATA[ExportData/Screenshots
ExportData/Screenshots
Screenshot taken: EnquiriesTest_TC018
Screenshot taken current URL: https://motorserve-booking-uat.siliconstack.com.au/enquiries
[INFO] 22-08-2024 17:45:34 [main] Log - EnquiriesTest_TC018 test is starting...
[INFO] 22-08-2024 17:45:35 [main] Log - EnquiriesTest_TC018 test is passed.
]]></system-out>
  </testcase>
  <testcase name="EnquiriesTest_TC018[843+](6)" classname="com.easyserv.testcases.Motoserve.EnquiriesTest" time="1.973">
    <system-out><![CDATA[ExportData/Screenshots
ExportData/Screenshots
Screenshot taken: EnquiriesTest_TC018
Screenshot taken current URL: https://motorserve-booking-uat.siliconstack.com.au/enquiries
[INFO] 22-08-2024 17:45:37 [main] Log - EnquiriesTest_TC018 test is starting...
[INFO] 22-08-2024 17:45:39 [main] Log - EnquiriesTest_TC018 test is passed.
]]></system-out>
  </testcase>
  <testcase name="EnquiriesTest_TC019" classname="com.easyserv.testcases.Motoserve.EnquiriesTest" time="2.329">
    <system-out><![CDATA[ExportData/Screenshots
ExportData/Screenshots
Screenshot taken: EnquiriesTest_TC018
Screenshot taken current URL: https://motorserve-booking-uat.siliconstack.com.au/enquiries
[INFO] 22-08-2024 17:45:41 [main] Log - EnquiriesTest_TC019 test is starting...
[INFO] 22-08-2024 17:45:43 [main] Log - EnquiriesTest_TC019 test is passed.
]]></system-out>
  </testcase>
</testsuite>