<?xml version="1.0" encoding="UTF-8"?>
<!-- Generated by org.testng.reporters.JUnitReportReporter -->
<testsuite hostname="DESKTOP-GFKKN7N" failures="0" tests="37" name="com.easyserv.testcases.Motoserve.EnquiriesTest" time="202.556" errors="1" timestamp="2024-08-22T17:45:50 ICT" skipped="0">
  <testcase classname="com.easyserv.testcases.Motoserve.EnquiriesTest" name="EnquiriesTest_TC001" time="4.972"/>
  <system-out/>
  <testcase classname="com.easyserv.testcases.Motoserve.EnquiriesTest" name="EnquiriesTest_TC002" time="6.104"/>
  <system-out/>
  <testcase classname="com.easyserv.testcases.Motoserve.EnquiriesTest" name="EnquiriesTest_TC003" time="4.654"/>
  <system-out/>
  <testcase classname="com.easyserv.testcases.Motoserve.EnquiriesTest" name="EnquiriesTest_TC004" time="3.436"/>
  <system-out/>
  <testcase classname="com.easyserv.testcases.Motoserve.EnquiriesTest" name="EnquiriesTest_TC005" time="5.653"/>
  <system-out/>
  <testcase classname="com.easyserv.testcases.Motoserve.EnquiriesTest" name="EnquiriesTest_TC006" time="6.812"/>
  <system-out/>
  <testcase classname="com.easyserv.testcases.Motoserve.EnquiriesTest" name="EnquiriesTest_TC007" time="9.359"/>
  <system-out/>
  <testcase classname="com.easyserv.testcases.Motoserve.EnquiriesTest" name="EnquiriesTest_TC007" time="8.654"/>
  <system-out/>
  <testcase classname="com.easyserv.testcases.Motoserve.EnquiriesTest" name="EnquiriesTest_TC007" time="17.565"/>
  <system-out/>
  <testcase classname="com.easyserv.testcases.Motoserve.EnquiriesTest" name="EnquiriesTest_TC007" time="8.663"/>
  <system-out/>
  <testcase classname="com.easyserv.testcases.Motoserve.EnquiriesTest" name="EnquiriesTest_TC007" time="8.327"/>
  <system-out/>
  <testcase classname="com.easyserv.testcases.Motoserve.EnquiriesTest" name="EnquiriesTest_TC008" time="6.775"/>
  <system-out/>
  <testcase classname="com.easyserv.testcases.Motoserve.EnquiriesTest" name="EnquiriesTest_TC009" time="6.394"/>
  <system-out/>
  <testcase classname="com.easyserv.testcases.Motoserve.EnquiriesTest" name="EnquiriesTest_TC010" time="6.867"/>
  <system-out/>
  <testcase classname="com.easyserv.testcases.Motoserve.EnquiriesTest" name="EnquiriesTest_TC011" time="6.768"/>
  <system-out/>
  <testcase classname="com.easyserv.testcases.Motoserve.EnquiriesTest" name="EnquiriesTest_TC012" time="6.700"/>
  <system-out/>
  <testcase classname="com.easyserv.testcases.Motoserve.EnquiriesTest" name="EnquiriesTest_TC013" time="3.990"/>
  <system-out/>
  <testcase classname="com.easyserv.testcases.Motoserve.EnquiriesTest" name="EnquiriesTest_TC014" time="2.818"/>
  <system-out/>
  <testcase classname="com.easyserv.testcases.Motoserve.EnquiriesTest" name="EnquiriesTest_TC015" time="3.912"/>
  <system-out/>
  <testcase classname="com.easyserv.testcases.Motoserve.EnquiriesTest" name="EnquiriesTest_TC016" time="3.662"/>
  <system-out/>
  <testcase classname="com.easyserv.testcases.Motoserve.EnquiriesTest" name="EnquiriesTest_TC017" time="3.055"/>
  <system-out/>
  <testcase classname="com.easyserv.testcases.Motoserve.EnquiriesTest" name="EnquiriesTest_TC017" time="3.230"/>
  <system-out/>
  <testcase classname="com.easyserv.testcases.Motoserve.EnquiriesTest" name="EnquiriesTest_TC017" time="3.144"/>
  <system-out/>
  <testcase classname="com.easyserv.testcases.Motoserve.EnquiriesTest" name="EnquiriesTest_TC017" time="5.347"/>
  <system-out/>
  <testcase classname="com.easyserv.testcases.Motoserve.EnquiriesTest" name="EnquiriesTest_TC017" time="3.123"/>
  <system-out/>
  <testcase classname="com.easyserv.testcases.Motoserve.EnquiriesTest" name="EnquiriesTest_TC017" time="3.107"/>
  <system-out/>
  <testcase classname="com.easyserv.testcases.Motoserve.EnquiriesTest" name="EnquiriesTest_TC017" time="2.768"/>
  <system-out/>
  <testcase classname="com.easyserv.testcases.Motoserve.EnquiriesTest" name="EnquiriesTest_TC017" time="3.381"/>
  <system-out/>
  <testcase classname="com.easyserv.testcases.Motoserve.EnquiriesTest" name="EnquiriesTest_TC017" time="2.737"/>
  <system-out/>
  <testcase classname="com.easyserv.testcases.Motoserve.EnquiriesTest" name="EnquiriesTest_TC017" time="16.794"/>
  <system-out/>
  <testcase classname="com.easyserv.testcases.Motoserve.EnquiriesTest" name="EnquiriesTest_TC018" time="3.732"/>
  <system-out/>
  <testcase classname="com.easyserv.testcases.Motoserve.EnquiriesTest" name="EnquiriesTest_TC018" time="4.012"/>
  <system-out/>
  <testcase classname="com.easyserv.testcases.Motoserve.EnquiriesTest" name="EnquiriesTest_TC018" time="3.394"/>
  <system-out/>
  <testcase classname="com.easyserv.testcases.Motoserve.EnquiriesTest" name="EnquiriesTest_TC018" time="3.267"/>
  <system-out/>
  <testcase classname="com.easyserv.testcases.Motoserve.EnquiriesTest" name="EnquiriesTest_TC018" time="2.507">
    <error message="stale element reference: stale element not found in the current frame
  (Session info: chrome=127.0.6533.120)
For documentation on this error, please visit: https://selenium.dev/exceptions/#stale_element_reference
Build info: version: &#039;4.7.2&#039;, revision: &#039;4d4020c3b7&#039;
System info: os.name: &#039;Windows 11&#039;, os.arch: &#039;amd64&#039;, os.version: &#039;10.0&#039;, java.version: &#039;19&#039;
Driver info: org.openqa.selenium.chrome.ChromeDriver
Command: [f135d2e3673349c4e651bd98fc4dc54d, sendKeysToElement {id=f.E9588A3EA30E6486DF31CA0A0D4C84DF.d.49EF9CD4552D9ABA39F70A8D7CE074D1.e.1244, value=[Ljava.lang.CharSequence;@38e88e13}]
Capabilities {acceptInsecureCerts: false, browserName: chrome, browserVersion: 127.0.6533.120, chrome: {chromedriverVersion: 127.0.6533.88 (a2d0cb026721..., userDataDir: C:\WINDOWS\SystemTemp\scope...}, fedcm:accounts: true, goog:chromeOptions: {debuggerAddress: localhost:52212}, networkConnectionEnabled: false, pageLoadStrategy: normal, platformName: WINDOWS, proxy: Proxy(), se:cdp: ws://localhost:52212/devtoo..., se:cdpVersion: 127.0.6533.120, setWindowRect: true, strictFileInteractability: false, timeouts: {implicit: 0, pageLoad: 300000, script: 30000}, unhandledPromptBehavior: dismiss and notify, webauthn:extension:credBlob: true, webauthn:extension:largeBlob: true, webauthn:extension:minPinLength: true, webauthn:extension:prf: true, webauthn:virtualAuthenticators: true}
Element: [[ChromeDriver: chrome on WINDOWS (f135d2e3673349c4e651bd98fc4dc54d)] -&gt; xpath: //body/div[@id=&#039;__next&#039;]/section[1]/main[1]/div[1]/div[2]/div[1]/div[1]/div[2]/div[1]/form[1]/div[5]/div[1]/div[1]/div[1]/div[2]/div[1]/div[1]/span[1]/input[1]]
Session ID: f135d2e3673349c4e651bd98fc4dc54d" type="org.openqa.selenium.StaleElementReferenceException">
      <![CDATA[org.openqa.selenium.StaleElementReferenceException: stale element reference: stale element not found in the current frame
  (Session info: chrome=127.0.6533.120)
For documentation on this error, please visit: https://selenium.dev/exceptions/#stale_element_reference
Build info: version: '4.7.2', revision: '4d4020c3b7'
System info: os.name: 'Windows 11', os.arch: 'amd64', os.version: '10.0', java.version: '19'
Driver info: org.openqa.selenium.chrome.ChromeDriver
Command: [f135d2e3673349c4e651bd98fc4dc54d, sendKeysToElement {id=f.E9588A3EA30E6486DF31CA0A0D4C84DF.d.49EF9CD4552D9ABA39F70A8D7CE074D1.e.1244, value=[Ljava.lang.CharSequence;@38e88e13}]
Capabilities {acceptInsecureCerts: false, browserName: chrome, browserVersion: 127.0.6533.120, chrome: {chromedriverVersion: 127.0.6533.88 (a2d0cb026721..., userDataDir: C:\WINDOWS\SystemTemp\scope...}, fedcm:accounts: true, goog:chromeOptions: {debuggerAddress: localhost:52212}, networkConnectionEnabled: false, pageLoadStrategy: normal, platformName: WINDOWS, proxy: Proxy(), se:cdp: ws://localhost:52212/devtoo..., se:cdpVersion: 127.0.6533.120, setWindowRect: true, strictFileInteractability: false, timeouts: {implicit: 0, pageLoad: 300000, script: 30000}, unhandledPromptBehavior: dismiss and notify, webauthn:extension:credBlob: true, webauthn:extension:largeBlob: true, webauthn:extension:minPinLength: true, webauthn:extension:prf: true, webauthn:virtualAuthenticators: true}
Element: [[ChromeDriver: chrome on WINDOWS (f135d2e3673349c4e651bd98fc4dc54d)] -> xpath: //body/div[@id='__next']/section[1]/main[1]/div[1]/div[2]/div[1]/div[1]/div[2]/div[1]/form[1]/div[5]/div[1]/div[1]/div[1]/div[2]/div[1]/div[1]/span[1]/input[1]]
Session ID: f135d2e3673349c4e651bd98fc4dc54d
at java.base/jdk.internal.reflect.DirectConstructorHandleAccessor.newInstance(DirectConstructorHandleAccessor.java:67)
at java.base/java.lang.reflect.Constructor.newInstanceWithCaller(Constructor.java:500)
at java.base/java.lang.reflect.Constructor.newInstance(Constructor.java:484)
at org.openqa.selenium.remote.codec.w3c.W3CHttpResponseCodec.createException(W3CHttpResponseCodec.java:200)
at org.openqa.selenium.remote.codec.w3c.W3CHttpResponseCodec.decode(W3CHttpResponseCodec.java:133)
at org.openqa.selenium.remote.codec.w3c.W3CHttpResponseCodec.decode(W3CHttpResponseCodec.java:53)
at org.openqa.selenium.remote.HttpCommandExecutor.execute(HttpCommandExecutor.java:184)
at org.openqa.selenium.remote.service.DriverCommandExecutor.invokeExecute(DriverCommandExecutor.java:167)
at org.openqa.selenium.remote.service.DriverCommandExecutor.execute(DriverCommandExecutor.java:142)
at org.openqa.selenium.remote.RemoteWebDriver.execute(RemoteWebDriver.java:535)
at org.openqa.selenium.remote.RemoteWebElement.execute(RemoteWebElement.java:257)
at org.openqa.selenium.remote.RemoteWebElement.sendKeys(RemoteWebElement.java:113)
at com.easyserv.common.ValidateHelper.setText(ValidateHelper.java:35)
at com.easyserv.pages.Motoserve_BookingApp_UAT.EnquiriesPages.Enquiries_TC018(EnquiriesPages.java:216)
at com.easyserv.testcases.Motoserve.EnquiriesTest.EnquiriesTest_TC018(EnquiriesTest.java:131)
at java.base/jdk.internal.reflect.DirectMethodHandleAccessor.invoke(DirectMethodHandleAccessor.java:104)
at java.base/java.lang.reflect.Method.invoke(Method.java:578)
at org.testng.internal.MethodInvocationHelper.invokeMethod(MethodInvocationHelper.java:133)
at org.testng.internal.TestInvoker.invokeMethod(TestInvoker.java:598)
at org.testng.internal.TestInvoker.invokeTestMethod(TestInvoker.java:173)
at org.testng.internal.MethodRunner.runInSequence(MethodRunner.java:46)
at org.testng.internal.TestInvoker$MethodInvocationAgent.invoke(TestInvoker.java:824)
at org.testng.internal.TestInvoker.invokeTestMethods(TestInvoker.java:146)
at org.testng.internal.TestMethodWorker.invokeTestMethods(TestMethodWorker.java:146)
at org.testng.internal.TestMethodWorker.run(TestMethodWorker.java:128)
at java.base/java.util.ArrayList.forEach(ArrayList.java:1511)
at org.testng.TestRunner.privateRun(TestRunner.java:794)
at org.testng.TestRunner.run(TestRunner.java:596)
at org.testng.SuiteRunner.runTest(SuiteRunner.java:377)
at org.testng.SuiteRunner.runSequentially(SuiteRunner.java:371)
at org.testng.SuiteRunner.privateRun(SuiteRunner.java:332)
at org.testng.SuiteRunner.run(SuiteRunner.java:276)
at org.testng.SuiteRunnerWorker.runSuite(SuiteRunnerWorker.java:53)
at org.testng.SuiteRunnerWorker.run(SuiteRunnerWorker.java:96)
at org.testng.TestNG.runSuitesSequentially(TestNG.java:1212)
at org.testng.TestNG.runSuitesLocally(TestNG.java:1134)
at org.testng.TestNG.runSuites(TestNG.java:1063)
at org.testng.TestNG.run(TestNG.java:1031)
at org.apache.maven.surefire.testng.TestNGExecutor.run(TestNGExecutor.java:308)
at org.apache.maven.surefire.testng.TestNGXmlTestSuite.execute(TestNGXmlTestSuite.java:71)
at org.apache.maven.surefire.testng.TestNGProvider.invoke(TestNGProvider.java:113)
at org.apache.maven.surefire.booter.ForkedBooter.runSuitesInProcess(ForkedBooter.java:385)
at org.apache.maven.surefire.booter.ForkedBooter.execute(ForkedBooter.java:162)
at org.apache.maven.surefire.booter.ForkedBooter.run(ForkedBooter.java:507)
at org.apache.maven.surefire.booter.ForkedBooter.main(ForkedBooter.java:495)
]]>
    </error>
  </testcase> <!-- EnquiriesTest_TC018 -->
  <system-out/>
  <testcase classname="com.easyserv.testcases.Motoserve.EnquiriesTest" name="EnquiriesTest_TC018" time="2.897"/>
  <system-out/>
  <testcase classname="com.easyserv.testcases.Motoserve.EnquiriesTest" name="EnquiriesTest_TC019" time="3.976"/>
  <system-out/>
</testsuite> <!-- com.easyserv.testcases.Motoserve.EnquiriesTest -->
