<?xml version="1.0" encoding="UTF-8"?>
<!-- Generated by org.testng.reporters.JUnitReportReporter -->
<testsuite hostname="DESKTOP-GFKKN7N" failures="0" tests="31" name="com.easyserv.testcases.Admin.BaysTest" time="-1724295808.000" errors="1" timestamp="2024-08-22T10:04:04 ICT" skipped="30">
  <testcase classname="com.easyserv.testcases.Admin.BaysTest" name="initializeTestBaseSetup" time="-1724295808.000">
    <error message="
Parameter &#039;browserType&#039; is required by BeforeTest on method initializeTestBaseSetup but has not been marked @Optional or defined
" type="org.testng.TestNGException">
      <![CDATA[org.testng.TestNGException: 
Parameter 'browserType' is required by BeforeTest on method initializeTestBaseSetup but has not been marked @Optional or defined

at org.testng.internal.Parameters.createParams(Parameters.java:270)
at org.testng.internal.Parameters.createParametersForMethod(Parameters.java:358)
at org.testng.internal.Parameters.createParameters(Parameters.java:700)
at org.testng.internal.Parameters.createConfigurationParameters(Parameters.java:168)
at org.testng.internal.ConfigInvoker.invokeConfigurations(ConfigInvoker.java:302)
at org.testng.TestRunner.invokeTestConfigurations(TestRunner.java:637)
at org.testng.TestRunner.beforeRun(TestRunner.java:627)
at org.testng.TestRunner.run(TestRunner.java:589)
at org.testng.SuiteRunner.runTest(SuiteRunner.java:377)
at org.testng.SuiteRunner.runSequentially(SuiteRunner.java:371)
at org.testng.SuiteRunner.privateRun(SuiteRunner.java:332)
at org.testng.SuiteRunner.run(SuiteRunner.java:276)
at org.testng.SuiteRunnerWorker.runSuite(SuiteRunnerWorker.java:53)
at org.testng.SuiteRunnerWorker.run(SuiteRunnerWorker.java:96)
at org.testng.TestNG.runSuitesSequentially(TestNG.java:1212)
at org.testng.TestNG.runSuitesLocally(TestNG.java:1134)
at org.testng.TestNG.runSuites(TestNG.java:1063)
at org.testng.TestNG.run(TestNG.java:1031)
at org.apache.maven.surefire.testng.TestNGExecutor.run(TestNGExecutor.java:77)
at org.apache.maven.surefire.testng.TestNGDirectoryTestSuite.executeMulti(TestNGDirectoryTestSuite.java:159)
at org.apache.maven.surefire.testng.TestNGDirectoryTestSuite.execute(TestNGDirectoryTestSuite.java:99)
at org.apache.maven.surefire.testng.TestNGProvider.invoke(TestNGProvider.java:106)
at java.base/jdk.internal.reflect.DirectMethodHandleAccessor.invoke(DirectMethodHandleAccessor.java:104)
at java.base/java.lang.reflect.Method.invoke(Method.java:578)
at org.apache.maven.surefire.util.ReflectionUtils.invokeMethodWithArray(ReflectionUtils.java:189)
at org.apache.maven.surefire.booter.ProviderFactory$ProviderProxy.invoke(ProviderFactory.java:165)
at org.apache.maven.surefire.booter.ProviderFactory.invokeProvider(ProviderFactory.java:85)
at org.apache.maven.surefire.booter.ForkedBooter.runSuitesInProcess(ForkedBooter.java:115)
at org.apache.maven.surefire.booter.ForkedBooter.main(ForkedBooter.java:75)
]]>
    </error>
  </testcase> <!-- initializeTestBaseSetup -->
  <system-out/>
  <testcase classname="com.easyserv.testcases.Admin.BaysTest" name="BayTest_TC001" time="0.000">
    <skipped/>
  </testcase> <!-- BayTest_TC001 -->
  <system-out/>
  <testcase classname="com.easyserv.testcases.Admin.BaysTest" name="BayTest_TC002" time="0.000">
    <skipped/>
  </testcase> <!-- BayTest_TC002 -->
  <system-out/>
  <testcase classname="com.easyserv.testcases.Admin.BaysTest" name="BayTest_TC003" time="0.000">
    <skipped/>
  </testcase> <!-- BayTest_TC003 -->
  <system-out/>
  <testcase classname="com.easyserv.testcases.Admin.BaysTest" name="BayTest_TC004" time="0.000">
    <skipped/>
  </testcase> <!-- BayTest_TC004 -->
  <system-out/>
  <testcase classname="com.easyserv.testcases.Admin.BaysTest" name="BayTest_TC005" time="0.000">
    <skipped/>
  </testcase> <!-- BayTest_TC005 -->
  <system-out/>
  <testcase classname="com.easyserv.testcases.Admin.BaysTest" name="BayTest_TC006_1" time="0.000">
    <skipped/>
  </testcase> <!-- BayTest_TC006_1 -->
  <system-out/>
  <testcase classname="com.easyserv.testcases.Admin.BaysTest" name="BayTest_TC006_2" time="0.000">
    <skipped/>
  </testcase> <!-- BayTest_TC006_2 -->
  <system-out/>
  <testcase classname="com.easyserv.testcases.Admin.BaysTest" name="BayTest_TC007_1" time="0.000">
    <skipped/>
  </testcase> <!-- BayTest_TC007_1 -->
  <system-out/>
  <testcase classname="com.easyserv.testcases.Admin.BaysTest" name="BayTest_TC007_2" time="0.000">
    <skipped/>
  </testcase> <!-- BayTest_TC007_2 -->
  <system-out/>
  <testcase classname="com.easyserv.testcases.Admin.BaysTest" name="BayTest_TC008" time="0.000">
    <skipped/>
  </testcase> <!-- BayTest_TC008 -->
  <system-out/>
  <testcase classname="com.easyserv.testcases.Admin.BaysTest" name="BayTest_TC009_1" time="0.000">
    <skipped/>
  </testcase> <!-- BayTest_TC009_1 -->
  <system-out/>
  <testcase classname="com.easyserv.testcases.Admin.BaysTest" name="BayTest_TC009_2" time="0.000">
    <skipped/>
  </testcase> <!-- BayTest_TC009_2 -->
  <system-out/>
  <testcase classname="com.easyserv.testcases.Admin.BaysTest" name="BayTest_TC010_1" time="0.000">
    <skipped/>
  </testcase> <!-- BayTest_TC010_1 -->
  <system-out/>
  <testcase classname="com.easyserv.testcases.Admin.BaysTest" name="BayTest_TC010_2" time="0.000">
    <skipped/>
  </testcase> <!-- BayTest_TC010_2 -->
  <system-out/>
  <testcase classname="com.easyserv.testcases.Admin.BaysTest" name="BayTest_TC011" time="0.000">
    <skipped/>
  </testcase> <!-- BayTest_TC011 -->
  <system-out/>
  <testcase classname="com.easyserv.testcases.Admin.BaysTest" name="BayTest_TC012_1" time="0.000">
    <skipped/>
  </testcase> <!-- BayTest_TC012_1 -->
  <system-out/>
  <testcase classname="com.easyserv.testcases.Admin.BaysTest" name="BayTest_TC012_2" time="0.000">
    <skipped/>
  </testcase> <!-- BayTest_TC012_2 -->
  <system-out/>
  <testcase classname="com.easyserv.testcases.Admin.BaysTest" name="BayTest_TC013" time="0.000">
    <skipped/>
  </testcase> <!-- BayTest_TC013 -->
  <system-out/>
  <testcase classname="com.easyserv.testcases.Admin.BaysTest" name="BayTest_TC014" time="0.000">
    <skipped/>
  </testcase> <!-- BayTest_TC014 -->
  <system-out/>
  <testcase classname="com.easyserv.testcases.Admin.BaysTest" name="BayTest_TC015" time="0.000">
    <skipped/>
  </testcase> <!-- BayTest_TC015 -->
  <system-out/>
  <testcase classname="com.easyserv.testcases.Admin.BaysTest" name="BayTest_TC016" time="0.000">
    <skipped/>
  </testcase> <!-- BayTest_TC016 -->
  <system-out/>
  <testcase classname="com.easyserv.testcases.Admin.BaysTest" name="BayTest_TC017_1" time="0.000">
    <skipped/>
  </testcase> <!-- BayTest_TC017_1 -->
  <system-out/>
  <testcase classname="com.easyserv.testcases.Admin.BaysTest" name="BayTest_TC017_2" time="0.000">
    <skipped/>
  </testcase> <!-- BayTest_TC017_2 -->
  <system-out/>
  <testcase classname="com.easyserv.testcases.Admin.BaysTest" name="BayTest_TC018" time="0.000">
    <skipped/>
  </testcase> <!-- BayTest_TC018 -->
  <system-out/>
  <testcase classname="com.easyserv.testcases.Admin.BaysTest" name="BayTest_TC019" time="0.000">
    <skipped/>
  </testcase> <!-- BayTest_TC019 -->
  <system-out/>
  <testcase classname="com.easyserv.testcases.Admin.BaysTest" name="BayTest_TC020" time="0.000">
    <skipped/>
  </testcase> <!-- BayTest_TC020 -->
  <system-out/>
  <testcase classname="com.easyserv.testcases.Admin.BaysTest" name="BayTest_TC021" time="0.000">
    <skipped/>
  </testcase> <!-- BayTest_TC021 -->
  <system-out/>
  <testcase classname="com.easyserv.testcases.Admin.BaysTest" name="BayTest_TC022" time="0.000">
    <skipped/>
  </testcase> <!-- BayTest_TC022 -->
  <system-out/>
  <testcase classname="com.easyserv.testcases.Admin.BaysTest" name="BayTest_TC023" time="0.000">
    <skipped/>
  </testcase> <!-- BayTest_TC023 -->
  <system-out/>
  <testcase classname="com.easyserv.testcases.Admin.BaysTest" name="BayTest_TC024" time="0.000">
    <skipped/>
  </testcase> <!-- BayTest_TC024 -->
  <system-out/>
</testsuite> <!-- com.easyserv.testcases.Admin.BaysTest -->
